The system is: Linux - 5.11.0-43-generic - x86_64
Compiling the C compiler identification source file "CMakeCCompilerId.c" succeeded.
Compiler: /home/caijie/arm/lede-toolchain-ar71xx-generic_gcc-5.4.0_musl.Linux-x86_64/toolchain-mips_24kc_gcc-5.4.0_musl/bin/mips-openwrt-linux-gcc 
Build flags: 
Id flags:  

The output was:
0


Compilation of the C compiler identification source "CMakeCCompilerId.c" produced "a.out"

The C compiler identification is GNU, found in "/home/caijie/project/OpenWrt/build/CMakeFiles/3.16.3/CompilerIdC/a.out"

Compiling the CXX compiler identification source file "CMakeCXXCompilerId.cpp" succeeded.
Compiler: /home/caijie/arm/lede-toolchain-ar71xx-generic_gcc-5.4.0_musl.Linux-x86_64/toolchain-mips_24kc_gcc-5.4.0_musl/bin/mips-openwrt-linux-g++ 
Build flags: 
Id flags:  

The output was:
0


Compilation of the CXX compiler identification source "CMakeCXXCompilerId.cpp" produced "a.out"

The CXX compiler identification is GNU, found in "/home/caijie/project/OpenWrt/build/CMakeFiles/3.16.3/CompilerIdCXX/a.out"

Determining if the C compiler works passed with the following output:
Change Dir: /home/caijie/project/OpenWrt/build/CMakeFiles/CMakeTmp

Run Build Command(s):/usr/bin/make cmTC_c2eba/fast && /usr/bin/make -f CMakeFiles/cmTC_c2eba.dir/build.make CMakeFiles/cmTC_c2eba.dir/build
make[1]: 进入目录“/home/caijie/project/OpenWrt/build/CMakeFiles/CMakeTmp”
Building C object CMakeFiles/cmTC_c2eba.dir/testCCompiler.c.o
/home/caijie/arm/lede-toolchain-ar71xx-generic_gcc-5.4.0_musl.Linux-x86_64/toolchain-mips_24kc_gcc-5.4.0_musl/bin/mips-openwrt-linux-gcc    -o CMakeFiles/cmTC_c2eba.dir/testCCompiler.c.o   -c /home/caijie/project/OpenWrt/build/CMakeFiles/CMakeTmp/testCCompiler.c
Linking C executable cmTC_c2eba
/usr/bin/cmake -E cmake_link_script CMakeFiles/cmTC_c2eba.dir/link.txt --verbose=1
/home/caijie/arm/lede-toolchain-ar71xx-generic_gcc-5.4.0_musl.Linux-x86_64/toolchain-mips_24kc_gcc-5.4.0_musl/bin/mips-openwrt-linux-gcc      -rdynamic CMakeFiles/cmTC_c2eba.dir/testCCompiler.c.o  -o cmTC_c2eba 
make[1]: 离开目录“/home/caijie/project/OpenWrt/build/CMakeFiles/CMakeTmp”



Detecting C compiler ABI info compiled with the following output:
Change Dir: /home/caijie/project/OpenWrt/build/CMakeFiles/CMakeTmp

Run Build Command(s):/usr/bin/make cmTC_2da49/fast && /usr/bin/make -f CMakeFiles/cmTC_2da49.dir/build.make CMakeFiles/cmTC_2da49.dir/build
make[1]: Entering directory '/home/caijie/project/OpenWrt/build/CMakeFiles/CMakeTmp'
Building C object CMakeFiles/cmTC_2da49.dir/CMakeCCompilerABI.c.o
/home/caijie/arm/lede-toolchain-ar71xx-generic_gcc-5.4.0_musl.Linux-x86_64/toolchain-mips_24kc_gcc-5.4.0_musl/bin/mips-openwrt-linux-gcc   -v -o CMakeFiles/cmTC_2da49.dir/CMakeCCompilerABI.c.o   -c /usr/share/cmake-3.16/Modules/CMakeCCompilerABI.c
Reading specs from /home/caijie/arm/lede-toolchain-ar71xx-generic_gcc-5.4.0_musl.Linux-x86_64/toolchain-mips_24kc_gcc-5.4.0_musl/bin/../lib/gcc/mips-openwrt-linux-musl/5.4.0/specs
COLLECT_GCC=mips-openwrt-linux-musl-gcc.bin
Target: mips-openwrt-linux-musl
Configured with: /home/rboinson/embedded/lede_AR9331_zhuotk_source_64bit_test/build_dir/toolchain-mips_24kc_gcc-5.4.0_musl/gcc-5.4.0/configure --with-bugurl=http://www.lede-project.org/bugs/ --with-pkgversion='LEDE GCC 5.4.0 r4676-93e6fdd' --prefix=/home/rboinson/embedded/lede_AR9331_zhuotk_source_64bit_test/staging_dir/toolchain-mips_24kc_gcc-5.4.0_musl --build=x86_64-pc-linux-gnu --host=x86_64-pc-linux-gnu --target=mips-openwrt-linux-musl --with-gnu-ld --enable-target-optspace --disable-libgomp --disable-libmudflap --disable-multilib --disable-libmpx --disable-nls --without-isl --without-cloog --with-host-libstdcxx=-lstdc++ --with-float=soft --with-gmp=/home/rboinson/embedded/lede_AR9331_zhuotk_source_64bit_test/staging_dir/host --with-mpfr=/home/rboinson/embedded/lede_AR9331_zhuotk_source_64bit_test/staging_dir/host --with-mpc=/home/rboinson/embedded/lede_AR9331_zhuotk_source_64bit_test/staging_dir/host --disable-decimal-float --with-mips-plt --with-diagnostics-color=auto-if-env --disable-libssp --enable-__cxa_atexit --with-headers=/home/rboinson/embedded/lede_AR9331_zhuotk_source_64bit_test/staging_dir/toolchain-mips_24kc_gcc-5.4.0_musl/include --disable-libsanitizer --enable-languages=c,c++ --enable-shared --enable-threads --with-slibdir=/home/rboinson/embedded/lede_AR9331_zhuotk_source_64bit_test/staging_dir/toolchain-mips_24kc_gcc-5.4.0_musl/lib --enable-lto --with-libelf=/home/rboinson/embedded/lede_AR9331_zhuotk_source_64bit_test/staging_dir/host
Thread model: posix
gcc version 5.4.0 (LEDE GCC 5.4.0 r4676-93e6fdd) 
COLLECT_GCC_OPTIONS='-v' '-o' 'CMakeFiles/cmTC_2da49.dir/CMakeCCompilerABI.c.o' '-c' '-msoft-float' '-mllsc' '-mplt' '-mno-shared' '-EB' '-mabi=32'
 /home/caijie/arm/lede-toolchain-ar71xx-generic_gcc-5.4.0_musl.Linux-x86_64/toolchain-mips_24kc_gcc-5.4.0_musl/bin/../libexec/gcc/mips-openwrt-linux-musl/5.4.0/cc1 -quiet -v -iprefix /home/caijie/arm/lede-toolchain-ar71xx-generic_gcc-5.4.0_musl.Linux-x86_64/toolchain-mips_24kc_gcc-5.4.0_musl/bin/../lib/gcc/mips-openwrt-linux-musl/5.4.0/ -isysroot /home/caijie/arm/lede-toolchain-ar71xx-generic_gcc-5.4.0_musl.Linux-x86_64/toolchain-mips_24kc_gcc-5.4.0_musl/bin//../.. -idirafter /home/caijie/project/lede_AR9331_zhuotk_source_64bit/staging_dir/usr/include /usr/share/cmake-3.16/Modules/CMakeCCompilerABI.c -meb -quiet -dumpbase CMakeCCompilerABI.c -msoft-float -mllsc -mplt -mno-shared -mabi=32 -auxbase-strip CMakeFiles/cmTC_2da49.dir/CMakeCCompilerABI.c.o -version -o /tmp/ccYUBsfU.s
GNU C11 (LEDE GCC 5.4.0 r4676-93e6fdd) version 5.4.0 (mips-openwrt-linux-musl)
	compiled by GNU C version 5.3.1 20160413, GMP version 6.1.2, MPFR version 3.1.5, MPC version 1.0.3
GGC heuristics: --param ggc-min-expand=100 --param ggc-min-heapsize=131072
ignoring duplicate directory "/home/caijie/arm/lede-toolchain-ar71xx-generic_gcc-5.4.0_musl.Linux-x86_64/toolchain-mips_24kc_gcc-5.4.0_musl/bin/../lib/gcc/../../lib/gcc/mips-openwrt-linux-musl/5.4.0/../../../../mips-openwrt-linux-musl/sys-include"
ignoring duplicate directory "/home/caijie/arm/lede-toolchain-ar71xx-generic_gcc-5.4.0_musl.Linux-x86_64/toolchain-mips_24kc_gcc-5.4.0_musl/bin/../lib/gcc/../../lib/gcc/mips-openwrt-linux-musl/5.4.0/../../../../mips-openwrt-linux-musl/include"
ignoring duplicate directory "/home/caijie/arm/lede-toolchain-ar71xx-generic_gcc-5.4.0_musl.Linux-x86_64/toolchain-mips_24kc_gcc-5.4.0_musl/bin/../lib/gcc/../../lib/gcc/mips-openwrt-linux-musl/5.4.0/include"
ignoring nonexistent directory "/home/caijie/project/lede_AR9331_zhuotk_source_64bit/staging_dir/usr/include"
#include "..." search starts here:
#include <...> search starts here:
 /home/caijie/arm/lede-toolchain-ar71xx-generic_gcc-5.4.0_musl.Linux-x86_64/toolchain-mips_24kc_gcc-5.4.0_musl/bin/../lib/gcc/mips-openwrt-linux-musl/5.4.0/../../../../mips-openwrt-linux-musl/sys-include
 /home/caijie/arm/lede-toolchain-ar71xx-generic_gcc-5.4.0_musl.Linux-x86_64/toolchain-mips_24kc_gcc-5.4.0_musl/bin/../lib/gcc/mips-openwrt-linux-musl/5.4.0/../../../../mips-openwrt-linux-musl/include
 /home/caijie/arm/lede-toolchain-ar71xx-generic_gcc-5.4.0_musl.Linux-x86_64/toolchain-mips_24kc_gcc-5.4.0_musl/bin/../lib/gcc/mips-openwrt-linux-musl/5.4.0/include
End of search list.
GNU C11 (LEDE GCC 5.4.0 r4676-93e6fdd) version 5.4.0 (mips-openwrt-linux-musl)
	compiled by GNU C version 5.3.1 20160413, GMP version 6.1.2, MPFR version 3.1.5, MPC version 1.0.3
GGC heuristics: --param ggc-min-expand=100 --param ggc-min-heapsize=131072
Compiler executable checksum: 332c667713988fec670fa0739be9410a
COLLECT_GCC_OPTIONS='-v' '-o' 'CMakeFiles/cmTC_2da49.dir/CMakeCCompilerABI.c.o' '-c' '-msoft-float' '-mllsc' '-mplt' '-mno-shared' '-EB' '-mabi=32'
 /home/caijie/arm/lede-toolchain-ar71xx-generic_gcc-5.4.0_musl.Linux-x86_64/toolchain-mips_24kc_gcc-5.4.0_musl/bin/../lib/gcc/mips-openwrt-linux-musl/5.4.0/../../../../mips-openwrt-linux-musl/bin/as -v -EB -O1 -no-mdebug -mabi=32 -mno-shared -msoft-float -call_nonpic -o CMakeFiles/cmTC_2da49.dir/CMakeCCompilerABI.c.o /tmp/ccYUBsfU.s
GNU assembler version 2.28 (mips-openwrt-linux-musl) using BFD version (GNU Binutils) 2.28
COMPILER_PATH=/home/caijie/arm/lede-toolchain-ar71xx-generic_gcc-5.4.0_musl.Linux-x86_64/toolchain-mips_24kc_gcc-5.4.0_musl/bin/../libexec/gcc/mips-openwrt-linux-musl/5.4.0/:/home/caijie/arm/lede-toolchain-ar71xx-generic_gcc-5.4.0_musl.Linux-x86_64/toolchain-mips_24kc_gcc-5.4.0_musl/bin/../libexec/gcc/:/home/caijie/arm/lede-toolchain-ar71xx-generic_gcc-5.4.0_musl.Linux-x86_64/toolchain-mips_24kc_gcc-5.4.0_musl/bin/../lib/gcc/mips-openwrt-linux-musl/5.4.0/../../../../mips-openwrt-linux-musl/bin/
LIBRARY_PATH=/home/caijie/arm/lede-toolchain-ar71xx-generic_gcc-5.4.0_musl.Linux-x86_64/toolchain-mips_24kc_gcc-5.4.0_musl/bin/../lib/gcc/mips-openwrt-linux-musl/5.4.0/:/home/caijie/arm/lede-toolchain-ar71xx-generic_gcc-5.4.0_musl.Linux-x86_64/toolchain-mips_24kc_gcc-5.4.0_musl/bin/../lib/gcc/:/home/caijie/arm/lede-toolchain-ar71xx-generic_gcc-5.4.0_musl.Linux-x86_64/toolchain-mips_24kc_gcc-5.4.0_musl/bin/../lib/gcc/mips-openwrt-linux-musl/5.4.0/../../../../mips-openwrt-linux-musl/lib/
COLLECT_GCC_OPTIONS='-v' '-o' 'CMakeFiles/cmTC_2da49.dir/CMakeCCompilerABI.c.o' '-c' '-msoft-float' '-mllsc' '-mplt' '-mno-shared' '-EB' '-mabi=32'
Linking C executable cmTC_2da49
/usr/bin/cmake -E cmake_link_script CMakeFiles/cmTC_2da49.dir/link.txt --verbose=1
/home/caijie/arm/lede-toolchain-ar71xx-generic_gcc-5.4.0_musl.Linux-x86_64/toolchain-mips_24kc_gcc-5.4.0_musl/bin/mips-openwrt-linux-gcc     -v -rdynamic CMakeFiles/cmTC_2da49.dir/CMakeCCompilerABI.c.o  -o cmTC_2da49 
Reading specs from /home/caijie/arm/lede-toolchain-ar71xx-generic_gcc-5.4.0_musl.Linux-x86_64/toolchain-mips_24kc_gcc-5.4.0_musl/bin/../lib/gcc/mips-openwrt-linux-musl/5.4.0/specs
COLLECT_GCC=mips-openwrt-linux-musl-gcc.bin
COLLECT_LTO_WRAPPER=/home/caijie/arm/lede-toolchain-ar71xx-generic_gcc-5.4.0_musl.Linux-x86_64/toolchain-mips_24kc_gcc-5.4.0_musl/bin/../libexec/gcc/mips-openwrt-linux-musl/5.4.0/lto-wrapper
Target: mips-openwrt-linux-musl
Configured with: /home/rboinson/embedded/lede_AR9331_zhuotk_source_64bit_test/build_dir/toolchain-mips_24kc_gcc-5.4.0_musl/gcc-5.4.0/configure --with-bugurl=http://www.lede-project.org/bugs/ --with-pkgversion='LEDE GCC 5.4.0 r4676-93e6fdd' --prefix=/home/rboinson/embedded/lede_AR9331_zhuotk_source_64bit_test/staging_dir/toolchain-mips_24kc_gcc-5.4.0_musl --build=x86_64-pc-linux-gnu --host=x86_64-pc-linux-gnu --target=mips-openwrt-linux-musl --with-gnu-ld --enable-target-optspace --disable-libgomp --disable-libmudflap --disable-multilib --disable-libmpx --disable-nls --without-isl --without-cloog --with-host-libstdcxx=-lstdc++ --with-float=soft --with-gmp=/home/rboinson/embedded/lede_AR9331_zhuotk_source_64bit_test/staging_dir/host --with-mpfr=/home/rboinson/embedded/lede_AR9331_zhuotk_source_64bit_test/staging_dir/host --with-mpc=/home/rboinson/embedded/lede_AR9331_zhuotk_source_64bit_test/staging_dir/host --disable-decimal-float --with-mips-plt --with-diagnostics-color=auto-if-env --disable-libssp --enable-__cxa_atexit --with-headers=/home/rboinson/embedded/lede_AR9331_zhuotk_source_64bit_test/staging_dir/toolchain-mips_24kc_gcc-5.4.0_musl/include --disable-libsanitizer --enable-languages=c,c++ --enable-shared --enable-threads --with-slibdir=/home/rboinson/embedded/lede_AR9331_zhuotk_source_64bit_test/staging_dir/toolchain-mips_24kc_gcc-5.4.0_musl/lib --enable-lto --with-libelf=/home/rboinson/embedded/lede_AR9331_zhuotk_source_64bit_test/staging_dir/host
Thread model: posix
gcc version 5.4.0 (LEDE GCC 5.4.0 r4676-93e6fdd) 
COMPILER_PATH=/home/caijie/arm/lede-toolchain-ar71xx-generic_gcc-5.4.0_musl.Linux-x86_64/toolchain-mips_24kc_gcc-5.4.0_musl/bin/../libexec/gcc/mips-openwrt-linux-musl/5.4.0/:/home/caijie/arm/lede-toolchain-ar71xx-generic_gcc-5.4.0_musl.Linux-x86_64/toolchain-mips_24kc_gcc-5.4.0_musl/bin/../libexec/gcc/:/home/caijie/arm/lede-toolchain-ar71xx-generic_gcc-5.4.0_musl.Linux-x86_64/toolchain-mips_24kc_gcc-5.4.0_musl/bin/../lib/gcc/mips-openwrt-linux-musl/5.4.0/../../../../mips-openwrt-linux-musl/bin/
LIBRARY_PATH=/home/caijie/arm/lede-toolchain-ar71xx-generic_gcc-5.4.0_musl.Linux-x86_64/toolchain-mips_24kc_gcc-5.4.0_musl/bin/../lib/gcc/mips-openwrt-linux-musl/5.4.0/:/home/caijie/arm/lede-toolchain-ar71xx-generic_gcc-5.4.0_musl.Linux-x86_64/toolchain-mips_24kc_gcc-5.4.0_musl/bin/../lib/gcc/:/home/caijie/arm/lede-toolchain-ar71xx-generic_gcc-5.4.0_musl.Linux-x86_64/toolchain-mips_24kc_gcc-5.4.0_musl/bin/../lib/gcc/mips-openwrt-linux-musl/5.4.0/../../../../mips-openwrt-linux-musl/lib/
COLLECT_GCC_OPTIONS='-v' '-rdynamic' '-o' 'cmTC_2da49' '-msoft-float' '-mllsc' '-mplt' '-mno-shared' '-EB' '-mabi=32'
 /home/caijie/arm/lede-toolchain-ar71xx-generic_gcc-5.4.0_musl.Linux-x86_64/toolchain-mips_24kc_gcc-5.4.0_musl/bin/../libexec/gcc/mips-openwrt-linux-musl/5.4.0/collect2 -plugin /home/caijie/arm/lede-toolchain-ar71xx-generic_gcc-5.4.0_musl.Linux-x86_64/toolchain-mips_24kc_gcc-5.4.0_musl/bin/../libexec/gcc/mips-openwrt-linux-musl/5.4.0/liblto_plugin.so -plugin-opt=/home/caijie/arm/lede-toolchain-ar71xx-generic_gcc-5.4.0_musl.Linux-x86_64/toolchain-mips_24kc_gcc-5.4.0_musl/bin/../libexec/gcc/mips-openwrt-linux-musl/5.4.0/lto-wrapper -plugin-opt=-fresolution=/tmp/ccNYHlkD.res -plugin-opt=-pass-through=-lgcc_s -plugin-opt=-pass-through=-lc -plugin-opt=-pass-through=-lgcc_s --sysroot=/home/caijie/arm/lede-toolchain-ar71xx-generic_gcc-5.4.0_musl.Linux-x86_64/toolchain-mips_24kc_gcc-5.4.0_musl/bin//../.. --eh-frame-hdr -EB -export-dynamic -dynamic-linker /lib/ld-musl-mips-sf.so.1 -melf32btsmip -o cmTC_2da49 /home/caijie/arm/lede-toolchain-ar71xx-generic_gcc-5.4.0_musl.Linux-x86_64/toolchain-mips_24kc_gcc-5.4.0_musl/bin/../lib/gcc/mips-openwrt-linux-musl/5.4.0/../../../../mips-openwrt-linux-musl/lib/crt1.o /home/caijie/arm/lede-toolchain-ar71xx-generic_gcc-5.4.0_musl.Linux-x86_64/toolchain-mips_24kc_gcc-5.4.0_musl/bin/../lib/gcc/mips-openwrt-linux-musl/5.4.0/../../../../mips-openwrt-linux-musl/lib/crti.o /home/caijie/arm/lede-toolchain-ar71xx-generic_gcc-5.4.0_musl.Linux-x86_64/toolchain-mips_24kc_gcc-5.4.0_musl/bin/../lib/gcc/mips-openwrt-linux-musl/5.4.0/crtbegin.o -L /home/caijie/project/lede_AR9331_zhuotk_source_64bit/staging_dir/usr/lib -rpath-link /home/caijie/project/lede_AR9331_zhuotk_source_64bit/staging_dir/usr/lib -L/home/caijie/arm/lede-toolchain-ar71xx-generic_gcc-5.4.0_musl.Linux-x86_64/toolchain-mips_24kc_gcc-5.4.0_musl/bin/../lib/gcc/mips-openwrt-linux-musl/5.4.0 -L/home/caijie/arm/lede-toolchain-ar71xx-generic_gcc-5.4.0_musl.Linux-x86_64/toolchain-mips_24kc_gcc-5.4.0_musl/bin/../lib/gcc -L/home/caijie/arm/lede-toolchain-ar71xx-generic_gcc-5.4.0_musl.Linux-x86_64/toolchain-mips_24kc_gcc-5.4.0_musl/bin/../lib/gcc/mips-openwrt-linux-musl/5.4.0/../../../../mips-openwrt-linux-musl/lib -rpath=/home/caijie/arm/lede-toolchain-ar71xx-generic_gcc-5.4.0_musl.Linux-x86_64/toolchain-mips_24kc_gcc-5.4.0_musl/bin//../../lib:/home/caijie/arm/lede-toolchain-ar71xx-generic_gcc-5.4.0_musl.Linux-x86_64/toolchain-mips_24kc_gcc-5.4.0_musl/bin//../../usr/lib CMakeFiles/cmTC_2da49.dir/CMakeCCompilerABI.c.o -lssp_nonshared -lgcc_s -lc -lgcc_s /home/caijie/arm/lede-toolchain-ar71xx-generic_gcc-5.4.0_musl.Linux-x86_64/toolchain-mips_24kc_gcc-5.4.0_musl/bin/../lib/gcc/mips-openwrt-linux-musl/5.4.0/crtend.o /home/caijie/arm/lede-toolchain-ar71xx-generic_gcc-5.4.0_musl.Linux-x86_64/toolchain-mips_24kc_gcc-5.4.0_musl/bin/../lib/gcc/mips-openwrt-linux-musl/5.4.0/../../../../mips-openwrt-linux-musl/lib/crtn.o
make[1]: Leaving directory '/home/caijie/project/OpenWrt/build/CMakeFiles/CMakeTmp'



Parsed C implicit include dir info from above output: rv=done
  found start of include info
  found start of implicit include info
    add: [/home/caijie/arm/lede-toolchain-ar71xx-generic_gcc-5.4.0_musl.Linux-x86_64/toolchain-mips_24kc_gcc-5.4.0_musl/bin/../lib/gcc/mips-openwrt-linux-musl/5.4.0/../../../../mips-openwrt-linux-musl/sys-include]
    add: [/home/caijie/arm/lede-toolchain-ar71xx-generic_gcc-5.4.0_musl.Linux-x86_64/toolchain-mips_24kc_gcc-5.4.0_musl/bin/../lib/gcc/mips-openwrt-linux-musl/5.4.0/../../../../mips-openwrt-linux-musl/include]
    add: [/home/caijie/arm/lede-toolchain-ar71xx-generic_gcc-5.4.0_musl.Linux-x86_64/toolchain-mips_24kc_gcc-5.4.0_musl/bin/../lib/gcc/mips-openwrt-linux-musl/5.4.0/include]
  end of search list found
  collapse include dir [/home/caijie/arm/lede-toolchain-ar71xx-generic_gcc-5.4.0_musl.Linux-x86_64/toolchain-mips_24kc_gcc-5.4.0_musl/bin/../lib/gcc/mips-openwrt-linux-musl/5.4.0/../../../../mips-openwrt-linux-musl/sys-include] ==> [/home/caijie/arm/lede-toolchain-ar71xx-generic_gcc-5.4.0_musl.Linux-x86_64/toolchain-mips_24kc_gcc-5.4.0_musl/mips-openwrt-linux-musl/sys-include]
  collapse include dir [/home/caijie/arm/lede-toolchain-ar71xx-generic_gcc-5.4.0_musl.Linux-x86_64/toolchain-mips_24kc_gcc-5.4.0_musl/bin/../lib/gcc/mips-openwrt-linux-musl/5.4.0/../../../../mips-openwrt-linux-musl/include] ==> [/home/caijie/arm/lede-toolchain-ar71xx-generic_gcc-5.4.0_musl.Linux-x86_64/toolchain-mips_24kc_gcc-5.4.0_musl/mips-openwrt-linux-musl/include]
  collapse include dir [/home/caijie/arm/lede-toolchain-ar71xx-generic_gcc-5.4.0_musl.Linux-x86_64/toolchain-mips_24kc_gcc-5.4.0_musl/bin/../lib/gcc/mips-openwrt-linux-musl/5.4.0/include] ==> [/home/caijie/arm/lede-toolchain-ar71xx-generic_gcc-5.4.0_musl.Linux-x86_64/toolchain-mips_24kc_gcc-5.4.0_musl/lib/gcc/mips-openwrt-linux-musl/5.4.0/include]
  implicit include dirs: [/home/caijie/arm/lede-toolchain-ar71xx-generic_gcc-5.4.0_musl.Linux-x86_64/toolchain-mips_24kc_gcc-5.4.0_musl/mips-openwrt-linux-musl/sys-include;/home/caijie/arm/lede-toolchain-ar71xx-generic_gcc-5.4.0_musl.Linux-x86_64/toolchain-mips_24kc_gcc-5.4.0_musl/mips-openwrt-linux-musl/include;/home/caijie/arm/lede-toolchain-ar71xx-generic_gcc-5.4.0_musl.Linux-x86_64/toolchain-mips_24kc_gcc-5.4.0_musl/lib/gcc/mips-openwrt-linux-musl/5.4.0/include]


Parsed C implicit link information from above output:
  link line regex: [^( *|.*[/\])(ld|CMAKE_LINK_STARTFILE-NOTFOUND|([^/\]+-)?ld|collect2)[^/\]*( |$)]
  ignore line: [Change Dir: /home/caijie/project/OpenWrt/build/CMakeFiles/CMakeTmp]
  ignore line: []
  ignore line: [Run Build Command(s):/usr/bin/make cmTC_2da49/fast && /usr/bin/make -f CMakeFiles/cmTC_2da49.dir/build.make CMakeFiles/cmTC_2da49.dir/build]
  ignore line: [make[1]: Entering directory '/home/caijie/project/OpenWrt/build/CMakeFiles/CMakeTmp']
  ignore line: [Building C object CMakeFiles/cmTC_2da49.dir/CMakeCCompilerABI.c.o]
  ignore line: [/home/caijie/arm/lede-toolchain-ar71xx-generic_gcc-5.4.0_musl.Linux-x86_64/toolchain-mips_24kc_gcc-5.4.0_musl/bin/mips-openwrt-linux-gcc   -v -o CMakeFiles/cmTC_2da49.dir/CMakeCCompilerABI.c.o   -c /usr/share/cmake-3.16/Modules/CMakeCCompilerABI.c]
  ignore line: [Reading specs from /home/caijie/arm/lede-toolchain-ar71xx-generic_gcc-5.4.0_musl.Linux-x86_64/toolchain-mips_24kc_gcc-5.4.0_musl/bin/../lib/gcc/mips-openwrt-linux-musl/5.4.0/specs]
  ignore line: [COLLECT_GCC=mips-openwrt-linux-musl-gcc.bin]
  ignore line: [Target: mips-openwrt-linux-musl]
  ignore line: [Configured with: /home/rboinson/embedded/lede_AR9331_zhuotk_source_64bit_test/build_dir/toolchain-mips_24kc_gcc-5.4.0_musl/gcc-5.4.0/configure --with-bugurl=http://www.lede-project.org/bugs/ --with-pkgversion='LEDE GCC 5.4.0 r4676-93e6fdd' --prefix=/home/rboinson/embedded/lede_AR9331_zhuotk_source_64bit_test/staging_dir/toolchain-mips_24kc_gcc-5.4.0_musl --build=x86_64-pc-linux-gnu --host=x86_64-pc-linux-gnu --target=mips-openwrt-linux-musl --with-gnu-ld --enable-target-optspace --disable-libgomp --disable-libmudflap --disable-multilib --disable-libmpx --disable-nls --without-isl --without-cloog --with-host-libstdcxx=-lstdc++ --with-float=soft --with-gmp=/home/rboinson/embedded/lede_AR9331_zhuotk_source_64bit_test/staging_dir/host --with-mpfr=/home/rboinson/embedded/lede_AR9331_zhuotk_source_64bit_test/staging_dir/host --with-mpc=/home/rboinson/embedded/lede_AR9331_zhuotk_source_64bit_test/staging_dir/host --disable-decimal-float --with-mips-plt --with-diagnostics-color=auto-if-env --disable-libssp --enable-__cxa_atexit --with-headers=/home/rboinson/embedded/lede_AR9331_zhuotk_source_64bit_test/staging_dir/toolchain-mips_24kc_gcc-5.4.0_musl/include --disable-libsanitizer --enable-languages=c,c++ --enable-shared --enable-threads --with-slibdir=/home/rboinson/embedded/lede_AR9331_zhuotk_source_64bit_test/staging_dir/toolchain-mips_24kc_gcc-5.4.0_musl/lib --enable-lto --with-libelf=/home/rboinson/embedded/lede_AR9331_zhuotk_source_64bit_test/staging_dir/host]
  ignore line: [Thread model: posix]
  ignore line: [gcc version 5.4.0 (LEDE GCC 5.4.0 r4676-93e6fdd) ]
  ignore line: [COLLECT_GCC_OPTIONS='-v' '-o' 'CMakeFiles/cmTC_2da49.dir/CMakeCCompilerABI.c.o' '-c' '-msoft-float' '-mllsc' '-mplt' '-mno-shared' '-EB' '-mabi=32']
  ignore line: [ /home/caijie/arm/lede-toolchain-ar71xx-generic_gcc-5.4.0_musl.Linux-x86_64/toolchain-mips_24kc_gcc-5.4.0_musl/bin/../libexec/gcc/mips-openwrt-linux-musl/5.4.0/cc1 -quiet -v -iprefix /home/caijie/arm/lede-toolchain-ar71xx-generic_gcc-5.4.0_musl.Linux-x86_64/toolchain-mips_24kc_gcc-5.4.0_musl/bin/../lib/gcc/mips-openwrt-linux-musl/5.4.0/ -isysroot /home/caijie/arm/lede-toolchain-ar71xx-generic_gcc-5.4.0_musl.Linux-x86_64/toolchain-mips_24kc_gcc-5.4.0_musl/bin//../.. -idirafter /home/caijie/project/lede_AR9331_zhuotk_source_64bit/staging_dir/usr/include /usr/share/cmake-3.16/Modules/CMakeCCompilerABI.c -meb -quiet -dumpbase CMakeCCompilerABI.c -msoft-float -mllsc -mplt -mno-shared -mabi=32 -auxbase-strip CMakeFiles/cmTC_2da49.dir/CMakeCCompilerABI.c.o -version -o /tmp/ccYUBsfU.s]
  ignore line: [GNU C11 (LEDE GCC 5.4.0 r4676-93e6fdd) version 5.4.0 (mips-openwrt-linux-musl)]
  ignore line: [	compiled by GNU C version 5.3.1 20160413  GMP version 6.1.2  MPFR version 3.1.5  MPC version 1.0.3]
  ignore line: [GGC heuristics: --param ggc-min-expand=100 --param ggc-min-heapsize=131072]
  ignore line: [ignoring duplicate directory "/home/caijie/arm/lede-toolchain-ar71xx-generic_gcc-5.4.0_musl.Linux-x86_64/toolchain-mips_24kc_gcc-5.4.0_musl/bin/../lib/gcc/../../lib/gcc/mips-openwrt-linux-musl/5.4.0/../../../../mips-openwrt-linux-musl/sys-include"]
  ignore line: [ignoring duplicate directory "/home/caijie/arm/lede-toolchain-ar71xx-generic_gcc-5.4.0_musl.Linux-x86_64/toolchain-mips_24kc_gcc-5.4.0_musl/bin/../lib/gcc/../../lib/gcc/mips-openwrt-linux-musl/5.4.0/../../../../mips-openwrt-linux-musl/include"]
  ignore line: [ignoring duplicate directory "/home/caijie/arm/lede-toolchain-ar71xx-generic_gcc-5.4.0_musl.Linux-x86_64/toolchain-mips_24kc_gcc-5.4.0_musl/bin/../lib/gcc/../../lib/gcc/mips-openwrt-linux-musl/5.4.0/include"]
  ignore line: [ignoring nonexistent directory "/home/caijie/project/lede_AR9331_zhuotk_source_64bit/staging_dir/usr/include"]
  ignore line: [#include "..." search starts here:]
  ignore line: [#include <...> search starts here:]
  ignore line: [ /home/caijie/arm/lede-toolchain-ar71xx-generic_gcc-5.4.0_musl.Linux-x86_64/toolchain-mips_24kc_gcc-5.4.0_musl/bin/../lib/gcc/mips-openwrt-linux-musl/5.4.0/../../../../mips-openwrt-linux-musl/sys-include]
  ignore line: [ /home/caijie/arm/lede-toolchain-ar71xx-generic_gcc-5.4.0_musl.Linux-x86_64/toolchain-mips_24kc_gcc-5.4.0_musl/bin/../lib/gcc/mips-openwrt-linux-musl/5.4.0/../../../../mips-openwrt-linux-musl/include]
  ignore line: [ /home/caijie/arm/lede-toolchain-ar71xx-generic_gcc-5.4.0_musl.Linux-x86_64/toolchain-mips_24kc_gcc-5.4.0_musl/bin/../lib/gcc/mips-openwrt-linux-musl/5.4.0/include]
  ignore line: [End of search list.]
  ignore line: [GNU C11 (LEDE GCC 5.4.0 r4676-93e6fdd) version 5.4.0 (mips-openwrt-linux-musl)]
  ignore line: [	compiled by GNU C version 5.3.1 20160413  GMP version 6.1.2  MPFR version 3.1.5  MPC version 1.0.3]
  ignore line: [GGC heuristics: --param ggc-min-expand=100 --param ggc-min-heapsize=131072]
  ignore line: [Compiler executable checksum: 332c667713988fec670fa0739be9410a]
  ignore line: [COLLECT_GCC_OPTIONS='-v' '-o' 'CMakeFiles/cmTC_2da49.dir/CMakeCCompilerABI.c.o' '-c' '-msoft-float' '-mllsc' '-mplt' '-mno-shared' '-EB' '-mabi=32']
  ignore line: [ /home/caijie/arm/lede-toolchain-ar71xx-generic_gcc-5.4.0_musl.Linux-x86_64/toolchain-mips_24kc_gcc-5.4.0_musl/bin/../lib/gcc/mips-openwrt-linux-musl/5.4.0/../../../../mips-openwrt-linux-musl/bin/as -v -EB -O1 -no-mdebug -mabi=32 -mno-shared -msoft-float -call_nonpic -o CMakeFiles/cmTC_2da49.dir/CMakeCCompilerABI.c.o /tmp/ccYUBsfU.s]
  ignore line: [GNU assembler version 2.28 (mips-openwrt-linux-musl) using BFD version (GNU Binutils) 2.28]
  ignore line: [COMPILER_PATH=/home/caijie/arm/lede-toolchain-ar71xx-generic_gcc-5.4.0_musl.Linux-x86_64/toolchain-mips_24kc_gcc-5.4.0_musl/bin/../libexec/gcc/mips-openwrt-linux-musl/5.4.0/:/home/caijie/arm/lede-toolchain-ar71xx-generic_gcc-5.4.0_musl.Linux-x86_64/toolchain-mips_24kc_gcc-5.4.0_musl/bin/../libexec/gcc/:/home/caijie/arm/lede-toolchain-ar71xx-generic_gcc-5.4.0_musl.Linux-x86_64/toolchain-mips_24kc_gcc-5.4.0_musl/bin/../lib/gcc/mips-openwrt-linux-musl/5.4.0/../../../../mips-openwrt-linux-musl/bin/]
  ignore line: [LIBRARY_PATH=/home/caijie/arm/lede-toolchain-ar71xx-generic_gcc-5.4.0_musl.Linux-x86_64/toolchain-mips_24kc_gcc-5.4.0_musl/bin/../lib/gcc/mips-openwrt-linux-musl/5.4.0/:/home/caijie/arm/lede-toolchain-ar71xx-generic_gcc-5.4.0_musl.Linux-x86_64/toolchain-mips_24kc_gcc-5.4.0_musl/bin/../lib/gcc/:/home/caijie/arm/lede-toolchain-ar71xx-generic_gcc-5.4.0_musl.Linux-x86_64/toolchain-mips_24kc_gcc-5.4.0_musl/bin/../lib/gcc/mips-openwrt-linux-musl/5.4.0/../../../../mips-openwrt-linux-musl/lib/]
  ignore line: [COLLECT_GCC_OPTIONS='-v' '-o' 'CMakeFiles/cmTC_2da49.dir/CMakeCCompilerABI.c.o' '-c' '-msoft-float' '-mllsc' '-mplt' '-mno-shared' '-EB' '-mabi=32']
  ignore line: [Linking C executable cmTC_2da49]
  ignore line: [/usr/bin/cmake -E cmake_link_script CMakeFiles/cmTC_2da49.dir/link.txt --verbose=1]
  ignore line: [/home/caijie/arm/lede-toolchain-ar71xx-generic_gcc-5.4.0_musl.Linux-x86_64/toolchain-mips_24kc_gcc-5.4.0_musl/bin/mips-openwrt-linux-gcc     -v -rdynamic CMakeFiles/cmTC_2da49.dir/CMakeCCompilerABI.c.o  -o cmTC_2da49 ]
  ignore line: [Reading specs from /home/caijie/arm/lede-toolchain-ar71xx-generic_gcc-5.4.0_musl.Linux-x86_64/toolchain-mips_24kc_gcc-5.4.0_musl/bin/../lib/gcc/mips-openwrt-linux-musl/5.4.0/specs]
  ignore line: [COLLECT_GCC=mips-openwrt-linux-musl-gcc.bin]
  ignore line: [COLLECT_LTO_WRAPPER=/home/caijie/arm/lede-toolchain-ar71xx-generic_gcc-5.4.0_musl.Linux-x86_64/toolchain-mips_24kc_gcc-5.4.0_musl/bin/../libexec/gcc/mips-openwrt-linux-musl/5.4.0/lto-wrapper]
  ignore line: [Target: mips-openwrt-linux-musl]
  ignore line: [Configured with: /home/rboinson/embedded/lede_AR9331_zhuotk_source_64bit_test/build_dir/toolchain-mips_24kc_gcc-5.4.0_musl/gcc-5.4.0/configure --with-bugurl=http://www.lede-project.org/bugs/ --with-pkgversion='LEDE GCC 5.4.0 r4676-93e6fdd' --prefix=/home/rboinson/embedded/lede_AR9331_zhuotk_source_64bit_test/staging_dir/toolchain-mips_24kc_gcc-5.4.0_musl --build=x86_64-pc-linux-gnu --host=x86_64-pc-linux-gnu --target=mips-openwrt-linux-musl --with-gnu-ld --enable-target-optspace --disable-libgomp --disable-libmudflap --disable-multilib --disable-libmpx --disable-nls --without-isl --without-cloog --with-host-libstdcxx=-lstdc++ --with-float=soft --with-gmp=/home/rboinson/embedded/lede_AR9331_zhuotk_source_64bit_test/staging_dir/host --with-mpfr=/home/rboinson/embedded/lede_AR9331_zhuotk_source_64bit_test/staging_dir/host --with-mpc=/home/rboinson/embedded/lede_AR9331_zhuotk_source_64bit_test/staging_dir/host --disable-decimal-float --with-mips-plt --with-diagnostics-color=auto-if-env --disable-libssp --enable-__cxa_atexit --with-headers=/home/rboinson/embedded/lede_AR9331_zhuotk_source_64bit_test/staging_dir/toolchain-mips_24kc_gcc-5.4.0_musl/include --disable-libsanitizer --enable-languages=c,c++ --enable-shared --enable-threads --with-slibdir=/home/rboinson/embedded/lede_AR9331_zhuotk_source_64bit_test/staging_dir/toolchain-mips_24kc_gcc-5.4.0_musl/lib --enable-lto --with-libelf=/home/rboinson/embedded/lede_AR9331_zhuotk_source_64bit_test/staging_dir/host]
  ignore line: [Thread model: posix]
  ignore line: [gcc version 5.4.0 (LEDE GCC 5.4.0 r4676-93e6fdd) ]
  ignore line: [COMPILER_PATH=/home/caijie/arm/lede-toolchain-ar71xx-generic_gcc-5.4.0_musl.Linux-x86_64/toolchain-mips_24kc_gcc-5.4.0_musl/bin/../libexec/gcc/mips-openwrt-linux-musl/5.4.0/:/home/caijie/arm/lede-toolchain-ar71xx-generic_gcc-5.4.0_musl.Linux-x86_64/toolchain-mips_24kc_gcc-5.4.0_musl/bin/../libexec/gcc/:/home/caijie/arm/lede-toolchain-ar71xx-generic_gcc-5.4.0_musl.Linux-x86_64/toolchain-mips_24kc_gcc-5.4.0_musl/bin/../lib/gcc/mips-openwrt-linux-musl/5.4.0/../../../../mips-openwrt-linux-musl/bin/]
  ignore line: [LIBRARY_PATH=/home/caijie/arm/lede-toolchain-ar71xx-generic_gcc-5.4.0_musl.Linux-x86_64/toolchain-mips_24kc_gcc-5.4.0_musl/bin/../lib/gcc/mips-openwrt-linux-musl/5.4.0/:/home/caijie/arm/lede-toolchain-ar71xx-generic_gcc-5.4.0_musl.Linux-x86_64/toolchain-mips_24kc_gcc-5.4.0_musl/bin/../lib/gcc/:/home/caijie/arm/lede-toolchain-ar71xx-generic_gcc-5.4.0_musl.Linux-x86_64/toolchain-mips_24kc_gcc-5.4.0_musl/bin/../lib/gcc/mips-openwrt-linux-musl/5.4.0/../../../../mips-openwrt-linux-musl/lib/]
  ignore line: [COLLECT_GCC_OPTIONS='-v' '-rdynamic' '-o' 'cmTC_2da49' '-msoft-float' '-mllsc' '-mplt' '-mno-shared' '-EB' '-mabi=32']
  link line: [ /home/caijie/arm/lede-toolchain-ar71xx-generic_gcc-5.4.0_musl.Linux-x86_64/toolchain-mips_24kc_gcc-5.4.0_musl/bin/../libexec/gcc/mips-openwrt-linux-musl/5.4.0/collect2 -plugin /home/caijie/arm/lede-toolchain-ar71xx-generic_gcc-5.4.0_musl.Linux-x86_64/toolchain-mips_24kc_gcc-5.4.0_musl/bin/../libexec/gcc/mips-openwrt-linux-musl/5.4.0/liblto_plugin.so -plugin-opt=/home/caijie/arm/lede-toolchain-ar71xx-generic_gcc-5.4.0_musl.Linux-x86_64/toolchain-mips_24kc_gcc-5.4.0_musl/bin/../libexec/gcc/mips-openwrt-linux-musl/5.4.0/lto-wrapper -plugin-opt=-fresolution=/tmp/ccNYHlkD.res -plugin-opt=-pass-through=-lgcc_s -plugin-opt=-pass-through=-lc -plugin-opt=-pass-through=-lgcc_s --sysroot=/home/caijie/arm/lede-toolchain-ar71xx-generic_gcc-5.4.0_musl.Linux-x86_64/toolchain-mips_24kc_gcc-5.4.0_musl/bin//../.. --eh-frame-hdr -EB -export-dynamic -dynamic-linker /lib/ld-musl-mips-sf.so.1 -melf32btsmip -o cmTC_2da49 /home/caijie/arm/lede-toolchain-ar71xx-generic_gcc-5.4.0_musl.Linux-x86_64/toolchain-mips_24kc_gcc-5.4.0_musl/bin/../lib/gcc/mips-openwrt-linux-musl/5.4.0/../../../../mips-openwrt-linux-musl/lib/crt1.o /home/caijie/arm/lede-toolchain-ar71xx-generic_gcc-5.4.0_musl.Linux-x86_64/toolchain-mips_24kc_gcc-5.4.0_musl/bin/../lib/gcc/mips-openwrt-linux-musl/5.4.0/../../../../mips-openwrt-linux-musl/lib/crti.o /home/caijie/arm/lede-toolchain-ar71xx-generic_gcc-5.4.0_musl.Linux-x86_64/toolchain-mips_24kc_gcc-5.4.0_musl/bin/../lib/gcc/mips-openwrt-linux-musl/5.4.0/crtbegin.o -L /home/caijie/project/lede_AR9331_zhuotk_source_64bit/staging_dir/usr/lib -rpath-link /home/caijie/project/lede_AR9331_zhuotk_source_64bit/staging_dir/usr/lib -L/home/caijie/arm/lede-toolchain-ar71xx-generic_gcc-5.4.0_musl.Linux-x86_64/toolchain-mips_24kc_gcc-5.4.0_musl/bin/../lib/gcc/mips-openwrt-linux-musl/5.4.0 -L/home/caijie/arm/lede-toolchain-ar71xx-generic_gcc-5.4.0_musl.Linux-x86_64/toolchain-mips_24kc_gcc-5.4.0_musl/bin/../lib/gcc -L/home/caijie/arm/lede-toolchain-ar71xx-generic_gcc-5.4.0_musl.Linux-x86_64/toolchain-mips_24kc_gcc-5.4.0_musl/bin/../lib/gcc/mips-openwrt-linux-musl/5.4.0/../../../../mips-openwrt-linux-musl/lib -rpath=/home/caijie/arm/lede-toolchain-ar71xx-generic_gcc-5.4.0_musl.Linux-x86_64/toolchain-mips_24kc_gcc-5.4.0_musl/bin//../../lib:/home/caijie/arm/lede-toolchain-ar71xx-generic_gcc-5.4.0_musl.Linux-x86_64/toolchain-mips_24kc_gcc-5.4.0_musl/bin//../../usr/lib CMakeFiles/cmTC_2da49.dir/CMakeCCompilerABI.c.o -lssp_nonshared -lgcc_s -lc -lgcc_s /home/caijie/arm/lede-toolchain-ar71xx-generic_gcc-5.4.0_musl.Linux-x86_64/toolchain-mips_24kc_gcc-5.4.0_musl/bin/../lib/gcc/mips-openwrt-linux-musl/5.4.0/crtend.o /home/caijie/arm/lede-toolchain-ar71xx-generic_gcc-5.4.0_musl.Linux-x86_64/toolchain-mips_24kc_gcc-5.4.0_musl/bin/../lib/gcc/mips-openwrt-linux-musl/5.4.0/../../../../mips-openwrt-linux-musl/lib/crtn.o]
    arg [/home/caijie/arm/lede-toolchain-ar71xx-generic_gcc-5.4.0_musl.Linux-x86_64/toolchain-mips_24kc_gcc-5.4.0_musl/bin/../libexec/gcc/mips-openwrt-linux-musl/5.4.0/collect2] ==> ignore
    arg [-plugin] ==> ignore
    arg [/home/caijie/arm/lede-toolchain-ar71xx-generic_gcc-5.4.0_musl.Linux-x86_64/toolchain-mips_24kc_gcc-5.4.0_musl/bin/../libexec/gcc/mips-openwrt-linux-musl/5.4.0/liblto_plugin.so] ==> ignore
    arg [-plugin-opt=/home/caijie/arm/lede-toolchain-ar71xx-generic_gcc-5.4.0_musl.Linux-x86_64/toolchain-mips_24kc_gcc-5.4.0_musl/bin/../libexec/gcc/mips-openwrt-linux-musl/5.4.0/lto-wrapper] ==> ignore
    arg [-plugin-opt=-fresolution=/tmp/ccNYHlkD.res] ==> ignore
    arg [-plugin-opt=-pass-through=-lgcc_s] ==> ignore
    arg [-plugin-opt=-pass-through=-lc] ==> ignore
    arg [-plugin-opt=-pass-through=-lgcc_s] ==> ignore
    arg [--sysroot=/home/caijie/arm/lede-toolchain-ar71xx-generic_gcc-5.4.0_musl.Linux-x86_64/toolchain-mips_24kc_gcc-5.4.0_musl/bin//../..] ==> ignore
    arg [--eh-frame-hdr] ==> ignore
    arg [-EB] ==> ignore
    arg [-export-dynamic] ==> ignore
    arg [-dynamic-linker] ==> ignore
    arg [/lib/ld-musl-mips-sf.so.1] ==> ignore
    arg [-melf32btsmip] ==> ignore
    arg [-o] ==> ignore
    arg [cmTC_2da49] ==> ignore
    arg [/home/caijie/arm/lede-toolchain-ar71xx-generic_gcc-5.4.0_musl.Linux-x86_64/toolchain-mips_24kc_gcc-5.4.0_musl/bin/../lib/gcc/mips-openwrt-linux-musl/5.4.0/../../../../mips-openwrt-linux-musl/lib/crt1.o] ==> ignore
    arg [/home/caijie/arm/lede-toolchain-ar71xx-generic_gcc-5.4.0_musl.Linux-x86_64/toolchain-mips_24kc_gcc-5.4.0_musl/bin/../lib/gcc/mips-openwrt-linux-musl/5.4.0/../../../../mips-openwrt-linux-musl/lib/crti.o] ==> ignore
    arg [/home/caijie/arm/lede-toolchain-ar71xx-generic_gcc-5.4.0_musl.Linux-x86_64/toolchain-mips_24kc_gcc-5.4.0_musl/bin/../lib/gcc/mips-openwrt-linux-musl/5.4.0/crtbegin.o] ==> ignore
    arg [-L/home/caijie/project/lede_AR9331_zhuotk_source_64bit/staging_dir/usr/lib] ==> dir [/home/caijie/project/lede_AR9331_zhuotk_source_64bit/staging_dir/usr/lib]
    arg [-rpath-link] ==> ignore
    arg [/home/caijie/project/lede_AR9331_zhuotk_source_64bit/staging_dir/usr/lib] ==> ignore
    arg [-L/home/caijie/arm/lede-toolchain-ar71xx-generic_gcc-5.4.0_musl.Linux-x86_64/toolchain-mips_24kc_gcc-5.4.0_musl/bin/../lib/gcc/mips-openwrt-linux-musl/5.4.0] ==> dir [/home/caijie/arm/lede-toolchain-ar71xx-generic_gcc-5.4.0_musl.Linux-x86_64/toolchain-mips_24kc_gcc-5.4.0_musl/bin/../lib/gcc/mips-openwrt-linux-musl/5.4.0]
    arg [-L/home/caijie/arm/lede-toolchain-ar71xx-generic_gcc-5.4.0_musl.Linux-x86_64/toolchain-mips_24kc_gcc-5.4.0_musl/bin/../lib/gcc] ==> dir [/home/caijie/arm/lede-toolchain-ar71xx-generic_gcc-5.4.0_musl.Linux-x86_64/toolchain-mips_24kc_gcc-5.4.0_musl/bin/../lib/gcc]
    arg [-L/home/caijie/arm/lede-toolchain-ar71xx-generic_gcc-5.4.0_musl.Linux-x86_64/toolchain-mips_24kc_gcc-5.4.0_musl/bin/../lib/gcc/mips-openwrt-linux-musl/5.4.0/../../../../mips-openwrt-linux-musl/lib] ==> dir [/home/caijie/arm/lede-toolchain-ar71xx-generic_gcc-5.4.0_musl.Linux-x86_64/toolchain-mips_24kc_gcc-5.4.0_musl/bin/../lib/gcc/mips-openwrt-linux-musl/5.4.0/../../../../mips-openwrt-linux-musl/lib]
    arg [-rpath=/home/caijie/arm/lede-toolchain-ar71xx-generic_gcc-5.4.0_musl.Linux-x86_64/toolchain-mips_24kc_gcc-5.4.0_musl/bin//../../lib:/home/caijie/arm/lede-toolchain-ar71xx-generic_gcc-5.4.0_musl.Linux-x86_64/toolchain-mips_24kc_gcc-5.4.0_musl/bin//../../usr/lib] ==> ignore
    arg [CMakeFiles/cmTC_2da49.dir/CMakeCCompilerABI.c.o] ==> ignore
    arg [-lssp_nonshared] ==> lib [ssp_nonshared]
    arg [-lgcc_s] ==> lib [gcc_s]
    arg [-lc] ==> lib [c]
    arg [-lgcc_s] ==> lib [gcc_s]
    arg [/home/caijie/arm/lede-toolchain-ar71xx-generic_gcc-5.4.0_musl.Linux-x86_64/toolchain-mips_24kc_gcc-5.4.0_musl/bin/../lib/gcc/mips-openwrt-linux-musl/5.4.0/crtend.o] ==> ignore
    arg [/home/caijie/arm/lede-toolchain-ar71xx-generic_gcc-5.4.0_musl.Linux-x86_64/toolchain-mips_24kc_gcc-5.4.0_musl/bin/../lib/gcc/mips-openwrt-linux-musl/5.4.0/../../../../mips-openwrt-linux-musl/lib/crtn.o] ==> ignore
  collapse library dir [/home/caijie/project/lede_AR9331_zhuotk_source_64bit/staging_dir/usr/lib] ==> [/home/caijie/project/lede_AR9331_zhuotk_source_64bit/staging_dir/usr/lib]
  collapse library dir [/home/caijie/arm/lede-toolchain-ar71xx-generic_gcc-5.4.0_musl.Linux-x86_64/toolchain-mips_24kc_gcc-5.4.0_musl/bin/../lib/gcc/mips-openwrt-linux-musl/5.4.0] ==> [/home/caijie/arm/lede-toolchain-ar71xx-generic_gcc-5.4.0_musl.Linux-x86_64/toolchain-mips_24kc_gcc-5.4.0_musl/lib/gcc/mips-openwrt-linux-musl/5.4.0]
  collapse library dir [/home/caijie/arm/lede-toolchain-ar71xx-generic_gcc-5.4.0_musl.Linux-x86_64/toolchain-mips_24kc_gcc-5.4.0_musl/bin/../lib/gcc] ==> [/home/caijie/arm/lede-toolchain-ar71xx-generic_gcc-5.4.0_musl.Linux-x86_64/toolchain-mips_24kc_gcc-5.4.0_musl/lib/gcc]
  collapse library dir [/home/caijie/arm/lede-toolchain-ar71xx-generic_gcc-5.4.0_musl.Linux-x86_64/toolchain-mips_24kc_gcc-5.4.0_musl/bin/../lib/gcc/mips-openwrt-linux-musl/5.4.0/../../../../mips-openwrt-linux-musl/lib] ==> [/home/caijie/arm/lede-toolchain-ar71xx-generic_gcc-5.4.0_musl.Linux-x86_64/toolchain-mips_24kc_gcc-5.4.0_musl/mips-openwrt-linux-musl/lib]
  implicit libs: [ssp_nonshared;gcc_s;c;gcc_s]
  implicit dirs: [/home/caijie/project/lede_AR9331_zhuotk_source_64bit/staging_dir/usr/lib;/home/caijie/arm/lede-toolchain-ar71xx-generic_gcc-5.4.0_musl.Linux-x86_64/toolchain-mips_24kc_gcc-5.4.0_musl/lib/gcc/mips-openwrt-linux-musl/5.4.0;/home/caijie/arm/lede-toolchain-ar71xx-generic_gcc-5.4.0_musl.Linux-x86_64/toolchain-mips_24kc_gcc-5.4.0_musl/lib/gcc;/home/caijie/arm/lede-toolchain-ar71xx-generic_gcc-5.4.0_musl.Linux-x86_64/toolchain-mips_24kc_gcc-5.4.0_musl/mips-openwrt-linux-musl/lib]
  implicit fwks: []


Determining if the CXX compiler works passed with the following output:
Change Dir: /home/caijie/project/OpenWrt/build/CMakeFiles/CMakeTmp

Run Build Command(s):/usr/bin/make cmTC_e43e6/fast && /usr/bin/make -f CMakeFiles/cmTC_e43e6.dir/build.make CMakeFiles/cmTC_e43e6.dir/build
make[1]: 进入目录“/home/caijie/project/OpenWrt/build/CMakeFiles/CMakeTmp”
Building CXX object CMakeFiles/cmTC_e43e6.dir/testCXXCompiler.cxx.o
/home/caijie/arm/lede-toolchain-ar71xx-generic_gcc-5.4.0_musl.Linux-x86_64/toolchain-mips_24kc_gcc-5.4.0_musl/bin/mips-openwrt-linux-g++     -o CMakeFiles/cmTC_e43e6.dir/testCXXCompiler.cxx.o -c /home/caijie/project/OpenWrt/build/CMakeFiles/CMakeTmp/testCXXCompiler.cxx
Linking CXX executable cmTC_e43e6
/usr/bin/cmake -E cmake_link_script CMakeFiles/cmTC_e43e6.dir/link.txt --verbose=1
/home/caijie/arm/lede-toolchain-ar71xx-generic_gcc-5.4.0_musl.Linux-x86_64/toolchain-mips_24kc_gcc-5.4.0_musl/bin/mips-openwrt-linux-g++       -rdynamic CMakeFiles/cmTC_e43e6.dir/testCXXCompiler.cxx.o  -o cmTC_e43e6 
make[1]: 离开目录“/home/caijie/project/OpenWrt/build/CMakeFiles/CMakeTmp”



Detecting CXX compiler ABI info compiled with the following output:
Change Dir: /home/caijie/project/OpenWrt/build/CMakeFiles/CMakeTmp

Run Build Command(s):/usr/bin/make cmTC_00f5c/fast && /usr/bin/make -f CMakeFiles/cmTC_00f5c.dir/build.make CMakeFiles/cmTC_00f5c.dir/build
make[1]: Entering directory '/home/caijie/project/OpenWrt/build/CMakeFiles/CMakeTmp'
Building CXX object CMakeFiles/cmTC_00f5c.dir/CMakeCXXCompilerABI.cpp.o
/home/caijie/arm/lede-toolchain-ar71xx-generic_gcc-5.4.0_musl.Linux-x86_64/toolchain-mips_24kc_gcc-5.4.0_musl/bin/mips-openwrt-linux-g++    -v -o CMakeFiles/cmTC_00f5c.dir/CMakeCXXCompilerABI.cpp.o -c /usr/share/cmake-3.16/Modules/CMakeCXXCompilerABI.cpp
Reading specs from /home/caijie/arm/lede-toolchain-ar71xx-generic_gcc-5.4.0_musl.Linux-x86_64/toolchain-mips_24kc_gcc-5.4.0_musl/bin/../lib/gcc/mips-openwrt-linux-musl/5.4.0/specs
COLLECT_GCC=mips-openwrt-linux-musl-g++.bin
Target: mips-openwrt-linux-musl
Configured with: /home/rboinson/embedded/lede_AR9331_zhuotk_source_64bit_test/build_dir/toolchain-mips_24kc_gcc-5.4.0_musl/gcc-5.4.0/configure --with-bugurl=http://www.lede-project.org/bugs/ --with-pkgversion='LEDE GCC 5.4.0 r4676-93e6fdd' --prefix=/home/rboinson/embedded/lede_AR9331_zhuotk_source_64bit_test/staging_dir/toolchain-mips_24kc_gcc-5.4.0_musl --build=x86_64-pc-linux-gnu --host=x86_64-pc-linux-gnu --target=mips-openwrt-linux-musl --with-gnu-ld --enable-target-optspace --disable-libgomp --disable-libmudflap --disable-multilib --disable-libmpx --disable-nls --without-isl --without-cloog --with-host-libstdcxx=-lstdc++ --with-float=soft --with-gmp=/home/rboinson/embedded/lede_AR9331_zhuotk_source_64bit_test/staging_dir/host --with-mpfr=/home/rboinson/embedded/lede_AR9331_zhuotk_source_64bit_test/staging_dir/host --with-mpc=/home/rboinson/embedded/lede_AR9331_zhuotk_source_64bit_test/staging_dir/host --disable-decimal-float --with-mips-plt --with-diagnostics-color=auto-if-env --disable-libssp --enable-__cxa_atexit --with-headers=/home/rboinson/embedded/lede_AR9331_zhuotk_source_64bit_test/staging_dir/toolchain-mips_24kc_gcc-5.4.0_musl/include --disable-libsanitizer --enable-languages=c,c++ --enable-shared --enable-threads --with-slibdir=/home/rboinson/embedded/lede_AR9331_zhuotk_source_64bit_test/staging_dir/toolchain-mips_24kc_gcc-5.4.0_musl/lib --enable-lto --with-libelf=/home/rboinson/embedded/lede_AR9331_zhuotk_source_64bit_test/staging_dir/host
Thread model: posix
gcc version 5.4.0 (LEDE GCC 5.4.0 r4676-93e6fdd) 
COLLECT_GCC_OPTIONS='-v' '-o' 'CMakeFiles/cmTC_00f5c.dir/CMakeCXXCompilerABI.cpp.o' '-c' '-shared-libgcc' '-msoft-float' '-mllsc' '-mplt' '-mno-shared' '-EB' '-mabi=32'
 /home/caijie/arm/lede-toolchain-ar71xx-generic_gcc-5.4.0_musl.Linux-x86_64/toolchain-mips_24kc_gcc-5.4.0_musl/bin/../libexec/gcc/mips-openwrt-linux-musl/5.4.0/cc1plus -quiet -v -iprefix /home/caijie/arm/lede-toolchain-ar71xx-generic_gcc-5.4.0_musl.Linux-x86_64/toolchain-mips_24kc_gcc-5.4.0_musl/bin/../lib/gcc/mips-openwrt-linux-musl/5.4.0/ -isysroot /home/caijie/arm/lede-toolchain-ar71xx-generic_gcc-5.4.0_musl.Linux-x86_64/toolchain-mips_24kc_gcc-5.4.0_musl/bin//../.. -D_GNU_SOURCE -idirafter /home/caijie/project/lede_AR9331_zhuotk_source_64bit/staging_dir/usr/include /usr/share/cmake-3.16/Modules/CMakeCXXCompilerABI.cpp -meb -quiet -dumpbase CMakeCXXCompilerABI.cpp -msoft-float -mllsc -mplt -mno-shared -mabi=32 -auxbase-strip CMakeFiles/cmTC_00f5c.dir/CMakeCXXCompilerABI.cpp.o -version -o /tmp/ccpy7w6L.s
GNU C++ (LEDE GCC 5.4.0 r4676-93e6fdd) version 5.4.0 (mips-openwrt-linux-musl)
	compiled by GNU C version 5.3.1 20160413, GMP version 6.1.2, MPFR version 3.1.5, MPC version 1.0.3
GGC heuristics: --param ggc-min-expand=100 --param ggc-min-heapsize=131072
ignoring duplicate directory "/home/caijie/arm/lede-toolchain-ar71xx-generic_gcc-5.4.0_musl.Linux-x86_64/toolchain-mips_24kc_gcc-5.4.0_musl/bin/../lib/gcc/../../lib/gcc/mips-openwrt-linux-musl/5.4.0/../../../../mips-openwrt-linux-musl/include/c++/5.4.0"
ignoring duplicate directory "/home/caijie/arm/lede-toolchain-ar71xx-generic_gcc-5.4.0_musl.Linux-x86_64/toolchain-mips_24kc_gcc-5.4.0_musl/bin/../lib/gcc/../../lib/gcc/mips-openwrt-linux-musl/5.4.0/../../../../mips-openwrt-linux-musl/include/c++/5.4.0/mips-openwrt-linux-musl"
ignoring duplicate directory "/home/caijie/arm/lede-toolchain-ar71xx-generic_gcc-5.4.0_musl.Linux-x86_64/toolchain-mips_24kc_gcc-5.4.0_musl/bin/../lib/gcc/../../lib/gcc/mips-openwrt-linux-musl/5.4.0/../../../../mips-openwrt-linux-musl/include/c++/5.4.0/backward"
ignoring duplicate directory "/home/caijie/arm/lede-toolchain-ar71xx-generic_gcc-5.4.0_musl.Linux-x86_64/toolchain-mips_24kc_gcc-5.4.0_musl/bin/../lib/gcc/../../lib/gcc/mips-openwrt-linux-musl/5.4.0/../../../../mips-openwrt-linux-musl/sys-include"
ignoring duplicate directory "/home/caijie/arm/lede-toolchain-ar71xx-generic_gcc-5.4.0_musl.Linux-x86_64/toolchain-mips_24kc_gcc-5.4.0_musl/bin/../lib/gcc/../../lib/gcc/mips-openwrt-linux-musl/5.4.0/../../../../mips-openwrt-linux-musl/include"
ignoring duplicate directory "/home/caijie/arm/lede-toolchain-ar71xx-generic_gcc-5.4.0_musl.Linux-x86_64/toolchain-mips_24kc_gcc-5.4.0_musl/bin/../lib/gcc/../../lib/gcc/mips-openwrt-linux-musl/5.4.0/include"
ignoring nonexistent directory "/home/caijie/project/lede_AR9331_zhuotk_source_64bit/staging_dir/usr/include"
#include "..." search starts here:
#include <...> search starts here:
 /home/caijie/arm/lede-toolchain-ar71xx-generic_gcc-5.4.0_musl.Linux-x86_64/toolchain-mips_24kc_gcc-5.4.0_musl/bin/../lib/gcc/mips-openwrt-linux-musl/5.4.0/../../../../mips-openwrt-linux-musl/include/c++/5.4.0
 /home/caijie/arm/lede-toolchain-ar71xx-generic_gcc-5.4.0_musl.Linux-x86_64/toolchain-mips_24kc_gcc-5.4.0_musl/bin/../lib/gcc/mips-openwrt-linux-musl/5.4.0/../../../../mips-openwrt-linux-musl/include/c++/5.4.0/mips-openwrt-linux-musl
 /home/caijie/arm/lede-toolchain-ar71xx-generic_gcc-5.4.0_musl.Linux-x86_64/toolchain-mips_24kc_gcc-5.4.0_musl/bin/../lib/gcc/mips-openwrt-linux-musl/5.4.0/../../../../mips-openwrt-linux-musl/include/c++/5.4.0/backward
 /home/caijie/arm/lede-toolchain-ar71xx-generic_gcc-5.4.0_musl.Linux-x86_64/toolchain-mips_24kc_gcc-5.4.0_musl/bin/../lib/gcc/mips-openwrt-linux-musl/5.4.0/../../../../mips-openwrt-linux-musl/sys-include
 /home/caijie/arm/lede-toolchain-ar71xx-generic_gcc-5.4.0_musl.Linux-x86_64/toolchain-mips_24kc_gcc-5.4.0_musl/bin/../lib/gcc/mips-openwrt-linux-musl/5.4.0/../../../../mips-openwrt-linux-musl/include
 /home/caijie/arm/lede-toolchain-ar71xx-generic_gcc-5.4.0_musl.Linux-x86_64/toolchain-mips_24kc_gcc-5.4.0_musl/bin/../lib/gcc/mips-openwrt-linux-musl/5.4.0/include
End of search list.
GNU C++ (LEDE GCC 5.4.0 r4676-93e6fdd) version 5.4.0 (mips-openwrt-linux-musl)
	compiled by GNU C version 5.3.1 20160413, GMP version 6.1.2, MPFR version 3.1.5, MPC version 1.0.3
GGC heuristics: --param ggc-min-expand=100 --param ggc-min-heapsize=131072
Compiler executable checksum: 0a9d09a623fd502b2cc53e8be36eda53
COLLECT_GCC_OPTIONS='-v' '-o' 'CMakeFiles/cmTC_00f5c.dir/CMakeCXXCompilerABI.cpp.o' '-c' '-shared-libgcc' '-msoft-float' '-mllsc' '-mplt' '-mno-shared' '-EB' '-mabi=32'
 /home/caijie/arm/lede-toolchain-ar71xx-generic_gcc-5.4.0_musl.Linux-x86_64/toolchain-mips_24kc_gcc-5.4.0_musl/bin/../lib/gcc/mips-openwrt-linux-musl/5.4.0/../../../../mips-openwrt-linux-musl/bin/as -v -EB -O1 -no-mdebug -mabi=32 -mno-shared -msoft-float -call_nonpic -o CMakeFiles/cmTC_00f5c.dir/CMakeCXXCompilerABI.cpp.o /tmp/ccpy7w6L.s
GNU assembler version 2.28 (mips-openwrt-linux-musl) using BFD version (GNU Binutils) 2.28
COMPILER_PATH=/home/caijie/arm/lede-toolchain-ar71xx-generic_gcc-5.4.0_musl.Linux-x86_64/toolchain-mips_24kc_gcc-5.4.0_musl/bin/../libexec/gcc/mips-openwrt-linux-musl/5.4.0/:/home/caijie/arm/lede-toolchain-ar71xx-generic_gcc-5.4.0_musl.Linux-x86_64/toolchain-mips_24kc_gcc-5.4.0_musl/bin/../libexec/gcc/:/home/caijie/arm/lede-toolchain-ar71xx-generic_gcc-5.4.0_musl.Linux-x86_64/toolchain-mips_24kc_gcc-5.4.0_musl/bin/../lib/gcc/mips-openwrt-linux-musl/5.4.0/../../../../mips-openwrt-linux-musl/bin/
LIBRARY_PATH=/home/caijie/arm/lede-toolchain-ar71xx-generic_gcc-5.4.0_musl.Linux-x86_64/toolchain-mips_24kc_gcc-5.4.0_musl/bin/../lib/gcc/mips-openwrt-linux-musl/5.4.0/:/home/caijie/arm/lede-toolchain-ar71xx-generic_gcc-5.4.0_musl.Linux-x86_64/toolchain-mips_24kc_gcc-5.4.0_musl/bin/../lib/gcc/:/home/caijie/arm/lede-toolchain-ar71xx-generic_gcc-5.4.0_musl.Linux-x86_64/toolchain-mips_24kc_gcc-5.4.0_musl/bin/../lib/gcc/mips-openwrt-linux-musl/5.4.0/../../../../mips-openwrt-linux-musl/lib/
COLLECT_GCC_OPTIONS='-v' '-o' 'CMakeFiles/cmTC_00f5c.dir/CMakeCXXCompilerABI.cpp.o' '-c' '-shared-libgcc' '-msoft-float' '-mllsc' '-mplt' '-mno-shared' '-EB' '-mabi=32'
Linking CXX executable cmTC_00f5c
/usr/bin/cmake -E cmake_link_script CMakeFiles/cmTC_00f5c.dir/link.txt --verbose=1
/home/caijie/arm/lede-toolchain-ar71xx-generic_gcc-5.4.0_musl.Linux-x86_64/toolchain-mips_24kc_gcc-5.4.0_musl/bin/mips-openwrt-linux-g++      -v -rdynamic CMakeFiles/cmTC_00f5c.dir/CMakeCXXCompilerABI.cpp.o  -o cmTC_00f5c 
Reading specs from /home/caijie/arm/lede-toolchain-ar71xx-generic_gcc-5.4.0_musl.Linux-x86_64/toolchain-mips_24kc_gcc-5.4.0_musl/bin/../lib/gcc/mips-openwrt-linux-musl/5.4.0/specs
COLLECT_GCC=mips-openwrt-linux-musl-g++.bin
COLLECT_LTO_WRAPPER=/home/caijie/arm/lede-toolchain-ar71xx-generic_gcc-5.4.0_musl.Linux-x86_64/toolchain-mips_24kc_gcc-5.4.0_musl/bin/../libexec/gcc/mips-openwrt-linux-musl/5.4.0/lto-wrapper
Target: mips-openwrt-linux-musl
Configured with: /home/rboinson/embedded/lede_AR9331_zhuotk_source_64bit_test/build_dir/toolchain-mips_24kc_gcc-5.4.0_musl/gcc-5.4.0/configure --with-bugurl=http://www.lede-project.org/bugs/ --with-pkgversion='LEDE GCC 5.4.0 r4676-93e6fdd' --prefix=/home/rboinson/embedded/lede_AR9331_zhuotk_source_64bit_test/staging_dir/toolchain-mips_24kc_gcc-5.4.0_musl --build=x86_64-pc-linux-gnu --host=x86_64-pc-linux-gnu --target=mips-openwrt-linux-musl --with-gnu-ld --enable-target-optspace --disable-libgomp --disable-libmudflap --disable-multilib --disable-libmpx --disable-nls --without-isl --without-cloog --with-host-libstdcxx=-lstdc++ --with-float=soft --with-gmp=/home/rboinson/embedded/lede_AR9331_zhuotk_source_64bit_test/staging_dir/host --with-mpfr=/home/rboinson/embedded/lede_AR9331_zhuotk_source_64bit_test/staging_dir/host --with-mpc=/home/rboinson/embedded/lede_AR9331_zhuotk_source_64bit_test/staging_dir/host --disable-decimal-float --with-mips-plt --with-diagnostics-color=auto-if-env --disable-libssp --enable-__cxa_atexit --with-headers=/home/rboinson/embedded/lede_AR9331_zhuotk_source_64bit_test/staging_dir/toolchain-mips_24kc_gcc-5.4.0_musl/include --disable-libsanitizer --enable-languages=c,c++ --enable-shared --enable-threads --with-slibdir=/home/rboinson/embedded/lede_AR9331_zhuotk_source_64bit_test/staging_dir/toolchain-mips_24kc_gcc-5.4.0_musl/lib --enable-lto --with-libelf=/home/rboinson/embedded/lede_AR9331_zhuotk_source_64bit_test/staging_dir/host
Thread model: posix
gcc version 5.4.0 (LEDE GCC 5.4.0 r4676-93e6fdd) 
COMPILER_PATH=/home/caijie/arm/lede-toolchain-ar71xx-generic_gcc-5.4.0_musl.Linux-x86_64/toolchain-mips_24kc_gcc-5.4.0_musl/bin/../libexec/gcc/mips-openwrt-linux-musl/5.4.0/:/home/caijie/arm/lede-toolchain-ar71xx-generic_gcc-5.4.0_musl.Linux-x86_64/toolchain-mips_24kc_gcc-5.4.0_musl/bin/../libexec/gcc/:/home/caijie/arm/lede-toolchain-ar71xx-generic_gcc-5.4.0_musl.Linux-x86_64/toolchain-mips_24kc_gcc-5.4.0_musl/bin/../lib/gcc/mips-openwrt-linux-musl/5.4.0/../../../../mips-openwrt-linux-musl/bin/
LIBRARY_PATH=/home/caijie/arm/lede-toolchain-ar71xx-generic_gcc-5.4.0_musl.Linux-x86_64/toolchain-mips_24kc_gcc-5.4.0_musl/bin/../lib/gcc/mips-openwrt-linux-musl/5.4.0/:/home/caijie/arm/lede-toolchain-ar71xx-generic_gcc-5.4.0_musl.Linux-x86_64/toolchain-mips_24kc_gcc-5.4.0_musl/bin/../lib/gcc/:/home/caijie/arm/lede-toolchain-ar71xx-generic_gcc-5.4.0_musl.Linux-x86_64/toolchain-mips_24kc_gcc-5.4.0_musl/bin/../lib/gcc/mips-openwrt-linux-musl/5.4.0/../../../../mips-openwrt-linux-musl/lib/
COLLECT_GCC_OPTIONS='-v' '-rdynamic' '-o' 'cmTC_00f5c' '-shared-libgcc' '-msoft-float' '-mllsc' '-mplt' '-mno-shared' '-EB' '-mabi=32'
 /home/caijie/arm/lede-toolchain-ar71xx-generic_gcc-5.4.0_musl.Linux-x86_64/toolchain-mips_24kc_gcc-5.4.0_musl/bin/../libexec/gcc/mips-openwrt-linux-musl/5.4.0/collect2 -plugin /home/caijie/arm/lede-toolchain-ar71xx-generic_gcc-5.4.0_musl.Linux-x86_64/toolchain-mips_24kc_gcc-5.4.0_musl/bin/../libexec/gcc/mips-openwrt-linux-musl/5.4.0/liblto_plugin.so -plugin-opt=/home/caijie/arm/lede-toolchain-ar71xx-generic_gcc-5.4.0_musl.Linux-x86_64/toolchain-mips_24kc_gcc-5.4.0_musl/bin/../libexec/gcc/mips-openwrt-linux-musl/5.4.0/lto-wrapper -plugin-opt=-fresolution=/tmp/cc71cC2v.res -plugin-opt=-pass-through=-lgcc_s -plugin-opt=-pass-through=-lc -plugin-opt=-pass-through=-lgcc_s --sysroot=/home/caijie/arm/lede-toolchain-ar71xx-generic_gcc-5.4.0_musl.Linux-x86_64/toolchain-mips_24kc_gcc-5.4.0_musl/bin//../.. --eh-frame-hdr -EB -export-dynamic -dynamic-linker /lib/ld-musl-mips-sf.so.1 -melf32btsmip -o cmTC_00f5c /home/caijie/arm/lede-toolchain-ar71xx-generic_gcc-5.4.0_musl.Linux-x86_64/toolchain-mips_24kc_gcc-5.4.0_musl/bin/../lib/gcc/mips-openwrt-linux-musl/5.4.0/../../../../mips-openwrt-linux-musl/lib/crt1.o /home/caijie/arm/lede-toolchain-ar71xx-generic_gcc-5.4.0_musl.Linux-x86_64/toolchain-mips_24kc_gcc-5.4.0_musl/bin/../lib/gcc/mips-openwrt-linux-musl/5.4.0/../../../../mips-openwrt-linux-musl/lib/crti.o /home/caijie/arm/lede-toolchain-ar71xx-generic_gcc-5.4.0_musl.Linux-x86_64/toolchain-mips_24kc_gcc-5.4.0_musl/bin/../lib/gcc/mips-openwrt-linux-musl/5.4.0/crtbegin.o -L /home/caijie/project/lede_AR9331_zhuotk_source_64bit/staging_dir/usr/lib -rpath-link /home/caijie/project/lede_AR9331_zhuotk_source_64bit/staging_dir/usr/lib -L/home/caijie/arm/lede-toolchain-ar71xx-generic_gcc-5.4.0_musl.Linux-x86_64/toolchain-mips_24kc_gcc-5.4.0_musl/bin/../lib/gcc/mips-openwrt-linux-musl/5.4.0 -L/home/caijie/arm/lede-toolchain-ar71xx-generic_gcc-5.4.0_musl.Linux-x86_64/toolchain-mips_24kc_gcc-5.4.0_musl/bin/../lib/gcc -L/home/caijie/arm/lede-toolchain-ar71xx-generic_gcc-5.4.0_musl.Linux-x86_64/toolchain-mips_24kc_gcc-5.4.0_musl/bin/../lib/gcc/mips-openwrt-linux-musl/5.4.0/../../../../mips-openwrt-linux-musl/lib -rpath=/home/caijie/arm/lede-toolchain-ar71xx-generic_gcc-5.4.0_musl.Linux-x86_64/toolchain-mips_24kc_gcc-5.4.0_musl/bin//../../lib:/home/caijie/arm/lede-toolchain-ar71xx-generic_gcc-5.4.0_musl.Linux-x86_64/toolchain-mips_24kc_gcc-5.4.0_musl/bin//../../usr/lib CMakeFiles/cmTC_00f5c.dir/CMakeCXXCompilerABI.cpp.o -lstdc++ -lm -lssp_nonshared -lgcc_s -lc -lgcc_s /home/caijie/arm/lede-toolchain-ar71xx-generic_gcc-5.4.0_musl.Linux-x86_64/toolchain-mips_24kc_gcc-5.4.0_musl/bin/../lib/gcc/mips-openwrt-linux-musl/5.4.0/crtend.o /home/caijie/arm/lede-toolchain-ar71xx-generic_gcc-5.4.0_musl.Linux-x86_64/toolchain-mips_24kc_gcc-5.4.0_musl/bin/../lib/gcc/mips-openwrt-linux-musl/5.4.0/../../../../mips-openwrt-linux-musl/lib/crtn.o
make[1]: Leaving directory '/home/caijie/project/OpenWrt/build/CMakeFiles/CMakeTmp'



Parsed CXX implicit include dir info from above output: rv=done
  found start of include info
  found start of implicit include info
    add: [/home/caijie/arm/lede-toolchain-ar71xx-generic_gcc-5.4.0_musl.Linux-x86_64/toolchain-mips_24kc_gcc-5.4.0_musl/bin/../lib/gcc/mips-openwrt-linux-musl/5.4.0/../../../../mips-openwrt-linux-musl/include/c++/5.4.0]
    add: [/home/caijie/arm/lede-toolchain-ar71xx-generic_gcc-5.4.0_musl.Linux-x86_64/toolchain-mips_24kc_gcc-5.4.0_musl/bin/../lib/gcc/mips-openwrt-linux-musl/5.4.0/../../../../mips-openwrt-linux-musl/include/c++/5.4.0/mips-openwrt-linux-musl]
    add: [/home/caijie/arm/lede-toolchain-ar71xx-generic_gcc-5.4.0_musl.Linux-x86_64/toolchain-mips_24kc_gcc-5.4.0_musl/bin/../lib/gcc/mips-openwrt-linux-musl/5.4.0/../../../../mips-openwrt-linux-musl/include/c++/5.4.0/backward]
    add: [/home/caijie/arm/lede-toolchain-ar71xx-generic_gcc-5.4.0_musl.Linux-x86_64/toolchain-mips_24kc_gcc-5.4.0_musl/bin/../lib/gcc/mips-openwrt-linux-musl/5.4.0/../../../../mips-openwrt-linux-musl/sys-include]
    add: [/home/caijie/arm/lede-toolchain-ar71xx-generic_gcc-5.4.0_musl.Linux-x86_64/toolchain-mips_24kc_gcc-5.4.0_musl/bin/../lib/gcc/mips-openwrt-linux-musl/5.4.0/../../../../mips-openwrt-linux-musl/include]
    add: [/home/caijie/arm/lede-toolchain-ar71xx-generic_gcc-5.4.0_musl.Linux-x86_64/toolchain-mips_24kc_gcc-5.4.0_musl/bin/../lib/gcc/mips-openwrt-linux-musl/5.4.0/include]
  end of search list found
  collapse include dir [/home/caijie/arm/lede-toolchain-ar71xx-generic_gcc-5.4.0_musl.Linux-x86_64/toolchain-mips_24kc_gcc-5.4.0_musl/bin/../lib/gcc/mips-openwrt-linux-musl/5.4.0/../../../../mips-openwrt-linux-musl/include/c++/5.4.0] ==> [/home/caijie/arm/lede-toolchain-ar71xx-generic_gcc-5.4.0_musl.Linux-x86_64/toolchain-mips_24kc_gcc-5.4.0_musl/mips-openwrt-linux-musl/include/c++/5.4.0]
  collapse include dir [/home/caijie/arm/lede-toolchain-ar71xx-generic_gcc-5.4.0_musl.Linux-x86_64/toolchain-mips_24kc_gcc-5.4.0_musl/bin/../lib/gcc/mips-openwrt-linux-musl/5.4.0/../../../../mips-openwrt-linux-musl/include/c++/5.4.0/mips-openwrt-linux-musl] ==> [/home/caijie/arm/lede-toolchain-ar71xx-generic_gcc-5.4.0_musl.Linux-x86_64/toolchain-mips_24kc_gcc-5.4.0_musl/mips-openwrt-linux-musl/include/c++/5.4.0/mips-openwrt-linux-musl]
  collapse include dir [/home/caijie/arm/lede-toolchain-ar71xx-generic_gcc-5.4.0_musl.Linux-x86_64/toolchain-mips_24kc_gcc-5.4.0_musl/bin/../lib/gcc/mips-openwrt-linux-musl/5.4.0/../../../../mips-openwrt-linux-musl/include/c++/5.4.0/backward] ==> [/home/caijie/arm/lede-toolchain-ar71xx-generic_gcc-5.4.0_musl.Linux-x86_64/toolchain-mips_24kc_gcc-5.4.0_musl/mips-openwrt-linux-musl/include/c++/5.4.0/backward]
  collapse include dir [/home/caijie/arm/lede-toolchain-ar71xx-generic_gcc-5.4.0_musl.Linux-x86_64/toolchain-mips_24kc_gcc-5.4.0_musl/bin/../lib/gcc/mips-openwrt-linux-musl/5.4.0/../../../../mips-openwrt-linux-musl/sys-include] ==> [/home/caijie/arm/lede-toolchain-ar71xx-generic_gcc-5.4.0_musl.Linux-x86_64/toolchain-mips_24kc_gcc-5.4.0_musl/mips-openwrt-linux-musl/sys-include]
  collapse include dir [/home/caijie/arm/lede-toolchain-ar71xx-generic_gcc-5.4.0_musl.Linux-x86_64/toolchain-mips_24kc_gcc-5.4.0_musl/bin/../lib/gcc/mips-openwrt-linux-musl/5.4.0/../../../../mips-openwrt-linux-musl/include] ==> [/home/caijie/arm/lede-toolchain-ar71xx-generic_gcc-5.4.0_musl.Linux-x86_64/toolchain-mips_24kc_gcc-5.4.0_musl/mips-openwrt-linux-musl/include]
  collapse include dir [/home/caijie/arm/lede-toolchain-ar71xx-generic_gcc-5.4.0_musl.Linux-x86_64/toolchain-mips_24kc_gcc-5.4.0_musl/bin/../lib/gcc/mips-openwrt-linux-musl/5.4.0/include] ==> [/home/caijie/arm/lede-toolchain-ar71xx-generic_gcc-5.4.0_musl.Linux-x86_64/toolchain-mips_24kc_gcc-5.4.0_musl/lib/gcc/mips-openwrt-linux-musl/5.4.0/include]
  implicit include dirs: [/home/caijie/arm/lede-toolchain-ar71xx-generic_gcc-5.4.0_musl.Linux-x86_64/toolchain-mips_24kc_gcc-5.4.0_musl/mips-openwrt-linux-musl/include/c++/5.4.0;/home/caijie/arm/lede-toolchain-ar71xx-generic_gcc-5.4.0_musl.Linux-x86_64/toolchain-mips_24kc_gcc-5.4.0_musl/mips-openwrt-linux-musl/include/c++/5.4.0/mips-openwrt-linux-musl;/home/caijie/arm/lede-toolchain-ar71xx-generic_gcc-5.4.0_musl.Linux-x86_64/toolchain-mips_24kc_gcc-5.4.0_musl/mips-openwrt-linux-musl/include/c++/5.4.0/backward;/home/caijie/arm/lede-toolchain-ar71xx-generic_gcc-5.4.0_musl.Linux-x86_64/toolchain-mips_24kc_gcc-5.4.0_musl/mips-openwrt-linux-musl/sys-include;/home/caijie/arm/lede-toolchain-ar71xx-generic_gcc-5.4.0_musl.Linux-x86_64/toolchain-mips_24kc_gcc-5.4.0_musl/mips-openwrt-linux-musl/include;/home/caijie/arm/lede-toolchain-ar71xx-generic_gcc-5.4.0_musl.Linux-x86_64/toolchain-mips_24kc_gcc-5.4.0_musl/lib/gcc/mips-openwrt-linux-musl/5.4.0/include]


Parsed CXX implicit link information from above output:
  link line regex: [^( *|.*[/\])(ld|CMAKE_LINK_STARTFILE-NOTFOUND|([^/\]+-)?ld|collect2)[^/\]*( |$)]
  ignore line: [Change Dir: /home/caijie/project/OpenWrt/build/CMakeFiles/CMakeTmp]
  ignore line: []
  ignore line: [Run Build Command(s):/usr/bin/make cmTC_00f5c/fast && /usr/bin/make -f CMakeFiles/cmTC_00f5c.dir/build.make CMakeFiles/cmTC_00f5c.dir/build]
  ignore line: [make[1]: Entering directory '/home/caijie/project/OpenWrt/build/CMakeFiles/CMakeTmp']
  ignore line: [Building CXX object CMakeFiles/cmTC_00f5c.dir/CMakeCXXCompilerABI.cpp.o]
  ignore line: [/home/caijie/arm/lede-toolchain-ar71xx-generic_gcc-5.4.0_musl.Linux-x86_64/toolchain-mips_24kc_gcc-5.4.0_musl/bin/mips-openwrt-linux-g++    -v -o CMakeFiles/cmTC_00f5c.dir/CMakeCXXCompilerABI.cpp.o -c /usr/share/cmake-3.16/Modules/CMakeCXXCompilerABI.cpp]
  ignore line: [Reading specs from /home/caijie/arm/lede-toolchain-ar71xx-generic_gcc-5.4.0_musl.Linux-x86_64/toolchain-mips_24kc_gcc-5.4.0_musl/bin/../lib/gcc/mips-openwrt-linux-musl/5.4.0/specs]
  ignore line: [COLLECT_GCC=mips-openwrt-linux-musl-g++.bin]
  ignore line: [Target: mips-openwrt-linux-musl]
  ignore line: [Configured with: /home/rboinson/embedded/lede_AR9331_zhuotk_source_64bit_test/build_dir/toolchain-mips_24kc_gcc-5.4.0_musl/gcc-5.4.0/configure --with-bugurl=http://www.lede-project.org/bugs/ --with-pkgversion='LEDE GCC 5.4.0 r4676-93e6fdd' --prefix=/home/rboinson/embedded/lede_AR9331_zhuotk_source_64bit_test/staging_dir/toolchain-mips_24kc_gcc-5.4.0_musl --build=x86_64-pc-linux-gnu --host=x86_64-pc-linux-gnu --target=mips-openwrt-linux-musl --with-gnu-ld --enable-target-optspace --disable-libgomp --disable-libmudflap --disable-multilib --disable-libmpx --disable-nls --without-isl --without-cloog --with-host-libstdcxx=-lstdc++ --with-float=soft --with-gmp=/home/rboinson/embedded/lede_AR9331_zhuotk_source_64bit_test/staging_dir/host --with-mpfr=/home/rboinson/embedded/lede_AR9331_zhuotk_source_64bit_test/staging_dir/host --with-mpc=/home/rboinson/embedded/lede_AR9331_zhuotk_source_64bit_test/staging_dir/host --disable-decimal-float --with-mips-plt --with-diagnostics-color=auto-if-env --disable-libssp --enable-__cxa_atexit --with-headers=/home/rboinson/embedded/lede_AR9331_zhuotk_source_64bit_test/staging_dir/toolchain-mips_24kc_gcc-5.4.0_musl/include --disable-libsanitizer --enable-languages=c,c++ --enable-shared --enable-threads --with-slibdir=/home/rboinson/embedded/lede_AR9331_zhuotk_source_64bit_test/staging_dir/toolchain-mips_24kc_gcc-5.4.0_musl/lib --enable-lto --with-libelf=/home/rboinson/embedded/lede_AR9331_zhuotk_source_64bit_test/staging_dir/host]
  ignore line: [Thread model: posix]
  ignore line: [gcc version 5.4.0 (LEDE GCC 5.4.0 r4676-93e6fdd) ]
  ignore line: [COLLECT_GCC_OPTIONS='-v' '-o' 'CMakeFiles/cmTC_00f5c.dir/CMakeCXXCompilerABI.cpp.o' '-c' '-shared-libgcc' '-msoft-float' '-mllsc' '-mplt' '-mno-shared' '-EB' '-mabi=32']
  ignore line: [ /home/caijie/arm/lede-toolchain-ar71xx-generic_gcc-5.4.0_musl.Linux-x86_64/toolchain-mips_24kc_gcc-5.4.0_musl/bin/../libexec/gcc/mips-openwrt-linux-musl/5.4.0/cc1plus -quiet -v -iprefix /home/caijie/arm/lede-toolchain-ar71xx-generic_gcc-5.4.0_musl.Linux-x86_64/toolchain-mips_24kc_gcc-5.4.0_musl/bin/../lib/gcc/mips-openwrt-linux-musl/5.4.0/ -isysroot /home/caijie/arm/lede-toolchain-ar71xx-generic_gcc-5.4.0_musl.Linux-x86_64/toolchain-mips_24kc_gcc-5.4.0_musl/bin//../.. -D_GNU_SOURCE -idirafter /home/caijie/project/lede_AR9331_zhuotk_source_64bit/staging_dir/usr/include /usr/share/cmake-3.16/Modules/CMakeCXXCompilerABI.cpp -meb -quiet -dumpbase CMakeCXXCompilerABI.cpp -msoft-float -mllsc -mplt -mno-shared -mabi=32 -auxbase-strip CMakeFiles/cmTC_00f5c.dir/CMakeCXXCompilerABI.cpp.o -version -o /tmp/ccpy7w6L.s]
  ignore line: [GNU C++ (LEDE GCC 5.4.0 r4676-93e6fdd) version 5.4.0 (mips-openwrt-linux-musl)]
  ignore line: [	compiled by GNU C version 5.3.1 20160413  GMP version 6.1.2  MPFR version 3.1.5  MPC version 1.0.3]
  ignore line: [GGC heuristics: --param ggc-min-expand=100 --param ggc-min-heapsize=131072]
  ignore line: [ignoring duplicate directory "/home/caijie/arm/lede-toolchain-ar71xx-generic_gcc-5.4.0_musl.Linux-x86_64/toolchain-mips_24kc_gcc-5.4.0_musl/bin/../lib/gcc/../../lib/gcc/mips-openwrt-linux-musl/5.4.0/../../../../mips-openwrt-linux-musl/include/c++/5.4.0"]
  ignore line: [ignoring duplicate directory "/home/caijie/arm/lede-toolchain-ar71xx-generic_gcc-5.4.0_musl.Linux-x86_64/toolchain-mips_24kc_gcc-5.4.0_musl/bin/../lib/gcc/../../lib/gcc/mips-openwrt-linux-musl/5.4.0/../../../../mips-openwrt-linux-musl/include/c++/5.4.0/mips-openwrt-linux-musl"]
  ignore line: [ignoring duplicate directory "/home/caijie/arm/lede-toolchain-ar71xx-generic_gcc-5.4.0_musl.Linux-x86_64/toolchain-mips_24kc_gcc-5.4.0_musl/bin/../lib/gcc/../../lib/gcc/mips-openwrt-linux-musl/5.4.0/../../../../mips-openwrt-linux-musl/include/c++/5.4.0/backward"]
  ignore line: [ignoring duplicate directory "/home/caijie/arm/lede-toolchain-ar71xx-generic_gcc-5.4.0_musl.Linux-x86_64/toolchain-mips_24kc_gcc-5.4.0_musl/bin/../lib/gcc/../../lib/gcc/mips-openwrt-linux-musl/5.4.0/../../../../mips-openwrt-linux-musl/sys-include"]
  ignore line: [ignoring duplicate directory "/home/caijie/arm/lede-toolchain-ar71xx-generic_gcc-5.4.0_musl.Linux-x86_64/toolchain-mips_24kc_gcc-5.4.0_musl/bin/../lib/gcc/../../lib/gcc/mips-openwrt-linux-musl/5.4.0/../../../../mips-openwrt-linux-musl/include"]
  ignore line: [ignoring duplicate directory "/home/caijie/arm/lede-toolchain-ar71xx-generic_gcc-5.4.0_musl.Linux-x86_64/toolchain-mips_24kc_gcc-5.4.0_musl/bin/../lib/gcc/../../lib/gcc/mips-openwrt-linux-musl/5.4.0/include"]
  ignore line: [ignoring nonexistent directory "/home/caijie/project/lede_AR9331_zhuotk_source_64bit/staging_dir/usr/include"]
  ignore line: [#include "..." search starts here:]
  ignore line: [#include <...> search starts here:]
  ignore line: [ /home/caijie/arm/lede-toolchain-ar71xx-generic_gcc-5.4.0_musl.Linux-x86_64/toolchain-mips_24kc_gcc-5.4.0_musl/bin/../lib/gcc/mips-openwrt-linux-musl/5.4.0/../../../../mips-openwrt-linux-musl/include/c++/5.4.0]
  ignore line: [ /home/caijie/arm/lede-toolchain-ar71xx-generic_gcc-5.4.0_musl.Linux-x86_64/toolchain-mips_24kc_gcc-5.4.0_musl/bin/../lib/gcc/mips-openwrt-linux-musl/5.4.0/../../../../mips-openwrt-linux-musl/include/c++/5.4.0/mips-openwrt-linux-musl]
  ignore line: [ /home/caijie/arm/lede-toolchain-ar71xx-generic_gcc-5.4.0_musl.Linux-x86_64/toolchain-mips_24kc_gcc-5.4.0_musl/bin/../lib/gcc/mips-openwrt-linux-musl/5.4.0/../../../../mips-openwrt-linux-musl/include/c++/5.4.0/backward]
  ignore line: [ /home/caijie/arm/lede-toolchain-ar71xx-generic_gcc-5.4.0_musl.Linux-x86_64/toolchain-mips_24kc_gcc-5.4.0_musl/bin/../lib/gcc/mips-openwrt-linux-musl/5.4.0/../../../../mips-openwrt-linux-musl/sys-include]
  ignore line: [ /home/caijie/arm/lede-toolchain-ar71xx-generic_gcc-5.4.0_musl.Linux-x86_64/toolchain-mips_24kc_gcc-5.4.0_musl/bin/../lib/gcc/mips-openwrt-linux-musl/5.4.0/../../../../mips-openwrt-linux-musl/include]
  ignore line: [ /home/caijie/arm/lede-toolchain-ar71xx-generic_gcc-5.4.0_musl.Linux-x86_64/toolchain-mips_24kc_gcc-5.4.0_musl/bin/../lib/gcc/mips-openwrt-linux-musl/5.4.0/include]
  ignore line: [End of search list.]
  ignore line: [GNU C++ (LEDE GCC 5.4.0 r4676-93e6fdd) version 5.4.0 (mips-openwrt-linux-musl)]
  ignore line: [	compiled by GNU C version 5.3.1 20160413  GMP version 6.1.2  MPFR version 3.1.5  MPC version 1.0.3]
  ignore line: [GGC heuristics: --param ggc-min-expand=100 --param ggc-min-heapsize=131072]
  ignore line: [Compiler executable checksum: 0a9d09a623fd502b2cc53e8be36eda53]
  ignore line: [COLLECT_GCC_OPTIONS='-v' '-o' 'CMakeFiles/cmTC_00f5c.dir/CMakeCXXCompilerABI.cpp.o' '-c' '-shared-libgcc' '-msoft-float' '-mllsc' '-mplt' '-mno-shared' '-EB' '-mabi=32']
  ignore line: [ /home/caijie/arm/lede-toolchain-ar71xx-generic_gcc-5.4.0_musl.Linux-x86_64/toolchain-mips_24kc_gcc-5.4.0_musl/bin/../lib/gcc/mips-openwrt-linux-musl/5.4.0/../../../../mips-openwrt-linux-musl/bin/as -v -EB -O1 -no-mdebug -mabi=32 -mno-shared -msoft-float -call_nonpic -o CMakeFiles/cmTC_00f5c.dir/CMakeCXXCompilerABI.cpp.o /tmp/ccpy7w6L.s]
  ignore line: [GNU assembler version 2.28 (mips-openwrt-linux-musl) using BFD version (GNU Binutils) 2.28]
  ignore line: [COMPILER_PATH=/home/caijie/arm/lede-toolchain-ar71xx-generic_gcc-5.4.0_musl.Linux-x86_64/toolchain-mips_24kc_gcc-5.4.0_musl/bin/../libexec/gcc/mips-openwrt-linux-musl/5.4.0/:/home/caijie/arm/lede-toolchain-ar71xx-generic_gcc-5.4.0_musl.Linux-x86_64/toolchain-mips_24kc_gcc-5.4.0_musl/bin/../libexec/gcc/:/home/caijie/arm/lede-toolchain-ar71xx-generic_gcc-5.4.0_musl.Linux-x86_64/toolchain-mips_24kc_gcc-5.4.0_musl/bin/../lib/gcc/mips-openwrt-linux-musl/5.4.0/../../../../mips-openwrt-linux-musl/bin/]
  ignore line: [LIBRARY_PATH=/home/caijie/arm/lede-toolchain-ar71xx-generic_gcc-5.4.0_musl.Linux-x86_64/toolchain-mips_24kc_gcc-5.4.0_musl/bin/../lib/gcc/mips-openwrt-linux-musl/5.4.0/:/home/caijie/arm/lede-toolchain-ar71xx-generic_gcc-5.4.0_musl.Linux-x86_64/toolchain-mips_24kc_gcc-5.4.0_musl/bin/../lib/gcc/:/home/caijie/arm/lede-toolchain-ar71xx-generic_gcc-5.4.0_musl.Linux-x86_64/toolchain-mips_24kc_gcc-5.4.0_musl/bin/../lib/gcc/mips-openwrt-linux-musl/5.4.0/../../../../mips-openwrt-linux-musl/lib/]
  ignore line: [COLLECT_GCC_OPTIONS='-v' '-o' 'CMakeFiles/cmTC_00f5c.dir/CMakeCXXCompilerABI.cpp.o' '-c' '-shared-libgcc' '-msoft-float' '-mllsc' '-mplt' '-mno-shared' '-EB' '-mabi=32']
  ignore line: [Linking CXX executable cmTC_00f5c]
  ignore line: [/usr/bin/cmake -E cmake_link_script CMakeFiles/cmTC_00f5c.dir/link.txt --verbose=1]
  ignore line: [/home/caijie/arm/lede-toolchain-ar71xx-generic_gcc-5.4.0_musl.Linux-x86_64/toolchain-mips_24kc_gcc-5.4.0_musl/bin/mips-openwrt-linux-g++      -v -rdynamic CMakeFiles/cmTC_00f5c.dir/CMakeCXXCompilerABI.cpp.o  -o cmTC_00f5c ]
  ignore line: [Reading specs from /home/caijie/arm/lede-toolchain-ar71xx-generic_gcc-5.4.0_musl.Linux-x86_64/toolchain-mips_24kc_gcc-5.4.0_musl/bin/../lib/gcc/mips-openwrt-linux-musl/5.4.0/specs]
  ignore line: [COLLECT_GCC=mips-openwrt-linux-musl-g++.bin]
  ignore line: [COLLECT_LTO_WRAPPER=/home/caijie/arm/lede-toolchain-ar71xx-generic_gcc-5.4.0_musl.Linux-x86_64/toolchain-mips_24kc_gcc-5.4.0_musl/bin/../libexec/gcc/mips-openwrt-linux-musl/5.4.0/lto-wrapper]
  ignore line: [Target: mips-openwrt-linux-musl]
  ignore line: [Configured with: /home/rboinson/embedded/lede_AR9331_zhuotk_source_64bit_test/build_dir/toolchain-mips_24kc_gcc-5.4.0_musl/gcc-5.4.0/configure --with-bugurl=http://www.lede-project.org/bugs/ --with-pkgversion='LEDE GCC 5.4.0 r4676-93e6fdd' --prefix=/home/rboinson/embedded/lede_AR9331_zhuotk_source_64bit_test/staging_dir/toolchain-mips_24kc_gcc-5.4.0_musl --build=x86_64-pc-linux-gnu --host=x86_64-pc-linux-gnu --target=mips-openwrt-linux-musl --with-gnu-ld --enable-target-optspace --disable-libgomp --disable-libmudflap --disable-multilib --disable-libmpx --disable-nls --without-isl --without-cloog --with-host-libstdcxx=-lstdc++ --with-float=soft --with-gmp=/home/rboinson/embedded/lede_AR9331_zhuotk_source_64bit_test/staging_dir/host --with-mpfr=/home/rboinson/embedded/lede_AR9331_zhuotk_source_64bit_test/staging_dir/host --with-mpc=/home/rboinson/embedded/lede_AR9331_zhuotk_source_64bit_test/staging_dir/host --disable-decimal-float --with-mips-plt --with-diagnostics-color=auto-if-env --disable-libssp --enable-__cxa_atexit --with-headers=/home/rboinson/embedded/lede_AR9331_zhuotk_source_64bit_test/staging_dir/toolchain-mips_24kc_gcc-5.4.0_musl/include --disable-libsanitizer --enable-languages=c,c++ --enable-shared --enable-threads --with-slibdir=/home/rboinson/embedded/lede_AR9331_zhuotk_source_64bit_test/staging_dir/toolchain-mips_24kc_gcc-5.4.0_musl/lib --enable-lto --with-libelf=/home/rboinson/embedded/lede_AR9331_zhuotk_source_64bit_test/staging_dir/host]
  ignore line: [Thread model: posix]
  ignore line: [gcc version 5.4.0 (LEDE GCC 5.4.0 r4676-93e6fdd) ]
  ignore line: [COMPILER_PATH=/home/caijie/arm/lede-toolchain-ar71xx-generic_gcc-5.4.0_musl.Linux-x86_64/toolchain-mips_24kc_gcc-5.4.0_musl/bin/../libexec/gcc/mips-openwrt-linux-musl/5.4.0/:/home/caijie/arm/lede-toolchain-ar71xx-generic_gcc-5.4.0_musl.Linux-x86_64/toolchain-mips_24kc_gcc-5.4.0_musl/bin/../libexec/gcc/:/home/caijie/arm/lede-toolchain-ar71xx-generic_gcc-5.4.0_musl.Linux-x86_64/toolchain-mips_24kc_gcc-5.4.0_musl/bin/../lib/gcc/mips-openwrt-linux-musl/5.4.0/../../../../mips-openwrt-linux-musl/bin/]
  ignore line: [LIBRARY_PATH=/home/caijie/arm/lede-toolchain-ar71xx-generic_gcc-5.4.0_musl.Linux-x86_64/toolchain-mips_24kc_gcc-5.4.0_musl/bin/../lib/gcc/mips-openwrt-linux-musl/5.4.0/:/home/caijie/arm/lede-toolchain-ar71xx-generic_gcc-5.4.0_musl.Linux-x86_64/toolchain-mips_24kc_gcc-5.4.0_musl/bin/../lib/gcc/:/home/caijie/arm/lede-toolchain-ar71xx-generic_gcc-5.4.0_musl.Linux-x86_64/toolchain-mips_24kc_gcc-5.4.0_musl/bin/../lib/gcc/mips-openwrt-linux-musl/5.4.0/../../../../mips-openwrt-linux-musl/lib/]
  ignore line: [COLLECT_GCC_OPTIONS='-v' '-rdynamic' '-o' 'cmTC_00f5c' '-shared-libgcc' '-msoft-float' '-mllsc' '-mplt' '-mno-shared' '-EB' '-mabi=32']
  link line: [ /home/caijie/arm/lede-toolchain-ar71xx-generic_gcc-5.4.0_musl.Linux-x86_64/toolchain-mips_24kc_gcc-5.4.0_musl/bin/../libexec/gcc/mips-openwrt-linux-musl/5.4.0/collect2 -plugin /home/caijie/arm/lede-toolchain-ar71xx-generic_gcc-5.4.0_musl.Linux-x86_64/toolchain-mips_24kc_gcc-5.4.0_musl/bin/../libexec/gcc/mips-openwrt-linux-musl/5.4.0/liblto_plugin.so -plugin-opt=/home/caijie/arm/lede-toolchain-ar71xx-generic_gcc-5.4.0_musl.Linux-x86_64/toolchain-mips_24kc_gcc-5.4.0_musl/bin/../libexec/gcc/mips-openwrt-linux-musl/5.4.0/lto-wrapper -plugin-opt=-fresolution=/tmp/cc71cC2v.res -plugin-opt=-pass-through=-lgcc_s -plugin-opt=-pass-through=-lc -plugin-opt=-pass-through=-lgcc_s --sysroot=/home/caijie/arm/lede-toolchain-ar71xx-generic_gcc-5.4.0_musl.Linux-x86_64/toolchain-mips_24kc_gcc-5.4.0_musl/bin//../.. --eh-frame-hdr -EB -export-dynamic -dynamic-linker /lib/ld-musl-mips-sf.so.1 -melf32btsmip -o cmTC_00f5c /home/caijie/arm/lede-toolchain-ar71xx-generic_gcc-5.4.0_musl.Linux-x86_64/toolchain-mips_24kc_gcc-5.4.0_musl/bin/../lib/gcc/mips-openwrt-linux-musl/5.4.0/../../../../mips-openwrt-linux-musl/lib/crt1.o /home/caijie/arm/lede-toolchain-ar71xx-generic_gcc-5.4.0_musl.Linux-x86_64/toolchain-mips_24kc_gcc-5.4.0_musl/bin/../lib/gcc/mips-openwrt-linux-musl/5.4.0/../../../../mips-openwrt-linux-musl/lib/crti.o /home/caijie/arm/lede-toolchain-ar71xx-generic_gcc-5.4.0_musl.Linux-x86_64/toolchain-mips_24kc_gcc-5.4.0_musl/bin/../lib/gcc/mips-openwrt-linux-musl/5.4.0/crtbegin.o -L /home/caijie/project/lede_AR9331_zhuotk_source_64bit/staging_dir/usr/lib -rpath-link /home/caijie/project/lede_AR9331_zhuotk_source_64bit/staging_dir/usr/lib -L/home/caijie/arm/lede-toolchain-ar71xx-generic_gcc-5.4.0_musl.Linux-x86_64/toolchain-mips_24kc_gcc-5.4.0_musl/bin/../lib/gcc/mips-openwrt-linux-musl/5.4.0 -L/home/caijie/arm/lede-toolchain-ar71xx-generic_gcc-5.4.0_musl.Linux-x86_64/toolchain-mips_24kc_gcc-5.4.0_musl/bin/../lib/gcc -L/home/caijie/arm/lede-toolchain-ar71xx-generic_gcc-5.4.0_musl.Linux-x86_64/toolchain-mips_24kc_gcc-5.4.0_musl/bin/../lib/gcc/mips-openwrt-linux-musl/5.4.0/../../../../mips-openwrt-linux-musl/lib -rpath=/home/caijie/arm/lede-toolchain-ar71xx-generic_gcc-5.4.0_musl.Linux-x86_64/toolchain-mips_24kc_gcc-5.4.0_musl/bin//../../lib:/home/caijie/arm/lede-toolchain-ar71xx-generic_gcc-5.4.0_musl.Linux-x86_64/toolchain-mips_24kc_gcc-5.4.0_musl/bin//../../usr/lib CMakeFiles/cmTC_00f5c.dir/CMakeCXXCompilerABI.cpp.o -lstdc++ -lm -lssp_nonshared -lgcc_s -lc -lgcc_s /home/caijie/arm/lede-toolchain-ar71xx-generic_gcc-5.4.0_musl.Linux-x86_64/toolchain-mips_24kc_gcc-5.4.0_musl/bin/../lib/gcc/mips-openwrt-linux-musl/5.4.0/crtend.o /home/caijie/arm/lede-toolchain-ar71xx-generic_gcc-5.4.0_musl.Linux-x86_64/toolchain-mips_24kc_gcc-5.4.0_musl/bin/../lib/gcc/mips-openwrt-linux-musl/5.4.0/../../../../mips-openwrt-linux-musl/lib/crtn.o]
    arg [/home/caijie/arm/lede-toolchain-ar71xx-generic_gcc-5.4.0_musl.Linux-x86_64/toolchain-mips_24kc_gcc-5.4.0_musl/bin/../libexec/gcc/mips-openwrt-linux-musl/5.4.0/collect2] ==> ignore
    arg [-plugin] ==> ignore
    arg [/home/caijie/arm/lede-toolchain-ar71xx-generic_gcc-5.4.0_musl.Linux-x86_64/toolchain-mips_24kc_gcc-5.4.0_musl/bin/../libexec/gcc/mips-openwrt-linux-musl/5.4.0/liblto_plugin.so] ==> ignore
    arg [-plugin-opt=/home/caijie/arm/lede-toolchain-ar71xx-generic_gcc-5.4.0_musl.Linux-x86_64/toolchain-mips_24kc_gcc-5.4.0_musl/bin/../libexec/gcc/mips-openwrt-linux-musl/5.4.0/lto-wrapper] ==> ignore
    arg [-plugin-opt=-fresolution=/tmp/cc71cC2v.res] ==> ignore
    arg [-plugin-opt=-pass-through=-lgcc_s] ==> ignore
    arg [-plugin-opt=-pass-through=-lc] ==> ignore
    arg [-plugin-opt=-pass-through=-lgcc_s] ==> ignore
    arg [--sysroot=/home/caijie/arm/lede-toolchain-ar71xx-generic_gcc-5.4.0_musl.Linux-x86_64/toolchain-mips_24kc_gcc-5.4.0_musl/bin//../..] ==> ignore
    arg [--eh-frame-hdr] ==> ignore
    arg [-EB] ==> ignore
    arg [-export-dynamic] ==> ignore
    arg [-dynamic-linker] ==> ignore
    arg [/lib/ld-musl-mips-sf.so.1] ==> ignore
    arg [-melf32btsmip] ==> ignore
    arg [-o] ==> ignore
    arg [cmTC_00f5c] ==> ignore
    arg [/home/caijie/arm/lede-toolchain-ar71xx-generic_gcc-5.4.0_musl.Linux-x86_64/toolchain-mips_24kc_gcc-5.4.0_musl/bin/../lib/gcc/mips-openwrt-linux-musl/5.4.0/../../../../mips-openwrt-linux-musl/lib/crt1.o] ==> ignore
    arg [/home/caijie/arm/lede-toolchain-ar71xx-generic_gcc-5.4.0_musl.Linux-x86_64/toolchain-mips_24kc_gcc-5.4.0_musl/bin/../lib/gcc/mips-openwrt-linux-musl/5.4.0/../../../../mips-openwrt-linux-musl/lib/crti.o] ==> ignore
    arg [/home/caijie/arm/lede-toolchain-ar71xx-generic_gcc-5.4.0_musl.Linux-x86_64/toolchain-mips_24kc_gcc-5.4.0_musl/bin/../lib/gcc/mips-openwrt-linux-musl/5.4.0/crtbegin.o] ==> ignore
    arg [-L/home/caijie/project/lede_AR9331_zhuotk_source_64bit/staging_dir/usr/lib] ==> dir [/home/caijie/project/lede_AR9331_zhuotk_source_64bit/staging_dir/usr/lib]
    arg [-rpath-link] ==> ignore
    arg [/home/caijie/project/lede_AR9331_zhuotk_source_64bit/staging_dir/usr/lib] ==> ignore
    arg [-L/home/caijie/arm/lede-toolchain-ar71xx-generic_gcc-5.4.0_musl.Linux-x86_64/toolchain-mips_24kc_gcc-5.4.0_musl/bin/../lib/gcc/mips-openwrt-linux-musl/5.4.0] ==> dir [/home/caijie/arm/lede-toolchain-ar71xx-generic_gcc-5.4.0_musl.Linux-x86_64/toolchain-mips_24kc_gcc-5.4.0_musl/bin/../lib/gcc/mips-openwrt-linux-musl/5.4.0]
    arg [-L/home/caijie/arm/lede-toolchain-ar71xx-generic_gcc-5.4.0_musl.Linux-x86_64/toolchain-mips_24kc_gcc-5.4.0_musl/bin/../lib/gcc] ==> dir [/home/caijie/arm/lede-toolchain-ar71xx-generic_gcc-5.4.0_musl.Linux-x86_64/toolchain-mips_24kc_gcc-5.4.0_musl/bin/../lib/gcc]
    arg [-L/home/caijie/arm/lede-toolchain-ar71xx-generic_gcc-5.4.0_musl.Linux-x86_64/toolchain-mips_24kc_gcc-5.4.0_musl/bin/../lib/gcc/mips-openwrt-linux-musl/5.4.0/../../../../mips-openwrt-linux-musl/lib] ==> dir [/home/caijie/arm/lede-toolchain-ar71xx-generic_gcc-5.4.0_musl.Linux-x86_64/toolchain-mips_24kc_gcc-5.4.0_musl/bin/../lib/gcc/mips-openwrt-linux-musl/5.4.0/../../../../mips-openwrt-linux-musl/lib]
    arg [-rpath=/home/caijie/arm/lede-toolchain-ar71xx-generic_gcc-5.4.0_musl.Linux-x86_64/toolchain-mips_24kc_gcc-5.4.0_musl/bin//../../lib:/home/caijie/arm/lede-toolchain-ar71xx-generic_gcc-5.4.0_musl.Linux-x86_64/toolchain-mips_24kc_gcc-5.4.0_musl/bin//../../usr/lib] ==> ignore
    arg [CMakeFiles/cmTC_00f5c.dir/CMakeCXXCompilerABI.cpp.o] ==> ignore
    arg [-lstdc++] ==> lib [stdc++]
    arg [-lm] ==> lib [m]
    arg [-lssp_nonshared] ==> lib [ssp_nonshared]
    arg [-lgcc_s] ==> lib [gcc_s]
    arg [-lc] ==> lib [c]
    arg [-lgcc_s] ==> lib [gcc_s]
    arg [/home/caijie/arm/lede-toolchain-ar71xx-generic_gcc-5.4.0_musl.Linux-x86_64/toolchain-mips_24kc_gcc-5.4.0_musl/bin/../lib/gcc/mips-openwrt-linux-musl/5.4.0/crtend.o] ==> ignore
    arg [/home/caijie/arm/lede-toolchain-ar71xx-generic_gcc-5.4.0_musl.Linux-x86_64/toolchain-mips_24kc_gcc-5.4.0_musl/bin/../lib/gcc/mips-openwrt-linux-musl/5.4.0/../../../../mips-openwrt-linux-musl/lib/crtn.o] ==> ignore
  collapse library dir [/home/caijie/project/lede_AR9331_zhuotk_source_64bit/staging_dir/usr/lib] ==> [/home/caijie/project/lede_AR9331_zhuotk_source_64bit/staging_dir/usr/lib]
  collapse library dir [/home/caijie/arm/lede-toolchain-ar71xx-generic_gcc-5.4.0_musl.Linux-x86_64/toolchain-mips_24kc_gcc-5.4.0_musl/bin/../lib/gcc/mips-openwrt-linux-musl/5.4.0] ==> [/home/caijie/arm/lede-toolchain-ar71xx-generic_gcc-5.4.0_musl.Linux-x86_64/toolchain-mips_24kc_gcc-5.4.0_musl/lib/gcc/mips-openwrt-linux-musl/5.4.0]
  collapse library dir [/home/caijie/arm/lede-toolchain-ar71xx-generic_gcc-5.4.0_musl.Linux-x86_64/toolchain-mips_24kc_gcc-5.4.0_musl/bin/../lib/gcc] ==> [/home/caijie/arm/lede-toolchain-ar71xx-generic_gcc-5.4.0_musl.Linux-x86_64/toolchain-mips_24kc_gcc-5.4.0_musl/lib/gcc]
  collapse library dir [/home/caijie/arm/lede-toolchain-ar71xx-generic_gcc-5.4.0_musl.Linux-x86_64/toolchain-mips_24kc_gcc-5.4.0_musl/bin/../lib/gcc/mips-openwrt-linux-musl/5.4.0/../../../../mips-openwrt-linux-musl/lib] ==> [/home/caijie/arm/lede-toolchain-ar71xx-generic_gcc-5.4.0_musl.Linux-x86_64/toolchain-mips_24kc_gcc-5.4.0_musl/mips-openwrt-linux-musl/lib]
  implicit libs: [stdc++;m;ssp_nonshared;gcc_s;c;gcc_s]
  implicit dirs: [/home/caijie/project/lede_AR9331_zhuotk_source_64bit/staging_dir/usr/lib;/home/caijie/arm/lede-toolchain-ar71xx-generic_gcc-5.4.0_musl.Linux-x86_64/toolchain-mips_24kc_gcc-5.4.0_musl/lib/gcc/mips-openwrt-linux-musl/5.4.0;/home/caijie/arm/lede-toolchain-ar71xx-generic_gcc-5.4.0_musl.Linux-x86_64/toolchain-mips_24kc_gcc-5.4.0_musl/lib/gcc;/home/caijie/arm/lede-toolchain-ar71xx-generic_gcc-5.4.0_musl.Linux-x86_64/toolchain-mips_24kc_gcc-5.4.0_musl/mips-openwrt-linux-musl/lib]
  implicit fwks: []


